#
# A fatal error has been detected by the Java Runtime Environment:
#
#  Internal Error (jvmciRuntime.cpp:1609), pid=29, tid=44
#  fatal error: Fatal exception in JVMCI: Error calling jdk.vm.ci.services.Services.serializeSavedProperties
#
# JRE version: OpenJDK Runtime Environment GraalVM CE 22.3.0 (17.0.5+8) (build 17.0.5+8-jvmci-22.3-b08)
# Java VM: OpenJDK 64-Bit Server VM GraalVM CE 22.3.0 (17.0.5+8-jvmci-22.3-b08, mixed mode, sharing, tiered, jvmci, jvmci compiler, compressed oops, compressed class ptrs, parallel gc, linux-amd64)
# Problematic frame:
# V  [libjvm.so+0x972714]  JVMCIRuntime::fatal_exception(JVMCIEnv*, char const*)+0x74
#
# Core dump will be written. Default location: Core dumps may be processed with "/usr/share/apport/apport -p%p -s%s -c%c -d%d -P%P -u%u -g%g -- %E" (or dumping to /home/runner/placeValue/core.29)
#
# If you would like to submit a bug report, please visit:
#   https://github.com/oracle/graal/issues
#

---------------  S U M M A R Y ------------

Command Line: -XX:ThreadPriorityPolicy=1 -XX:+UnlockExperimentalVMOptions -XX:+EnableJVMCIProduct -XX:JVMCIThreadsPerNativeLibraryRuntime=1 -XX:-UnlockExperimentalVMOptions -Declipse.application=org.eclipse.jdt.ls.core.id1 -Dosgi.bundles.defaultStartLevel=4 -Declipse.product=org.eclipse.jdt.ls.core.product -Dlog.level=ALL -Xverify:none -XX:+UseParallelGC -XX:GCTimeRatio=4 -XX:AdaptiveSizePolicyWeight=90 -Dsun.zip.disableMemoryMapping=true -Xmx512m -Xms100m /nix/store/m6gcpi1ii6rghy04cjwjddcavv7i90df-jdt-language-server-1.9.0/share/java/plugins/org.eclipse.equinox.launcher_1.6.400.v20210924-0641.jar --add-modules=ALL-SYSTEM --add-opens java.base/java.util=ALL-UNNAMED --add-opens java.base/java.lang=ALL-UNNAMED -configuration /home/runner/.cache/jdt-language-server/config -data /home/runner/.cache/jdt-language-server/data/home/runner/placeValue

Host: AMD EPYC 7B12, 8 cores, 1G, Ubuntu 20.04.2 LTS
Time: Sat Feb 11 00:00:06 2023 UTC elapsed time: 751.954491 seconds (0d 0h 12m 31s)

---------------  T H R E A D  ---------------

Current thread (0x00007f2b080b21d0):  JavaThread "JVMCI-native CompilerThread0" daemon [_thread_in_vm, id=44, stack(0x00007f2aee31a000,0x00007f2aee51a000)]


Current CompileTask:
JVMCI-native: 751954 8875       4       java.lang.Thread::interrupted (23 bytes)

Stack: [0x00007f2aee31a000,0x00007f2aee51a000],  sp=0x00007f2aee518380,  free space=2040k
Native frames: (J=compiled Java code, j=interpreted, Vv=VM code, C=native code)
V  [libjvm.so+0x972714]  JVMCIRuntime::fatal_exception(JVMCIEnv*, char const*)+0x74
V  [libjvm.so+0x93e2fe]  JVMCIEnv::copy_saved_properties()+0x14e
V  [libjvm.so+0x9732a9]  JVMCIRuntime::initialize(JVMCIEnv*)+0xb19
V  [libjvm.so+0x9738a2]  JVMCIRuntime::get_HotSpotJVMCIRuntime(JVMCIEnv*)+0x12
V  [libjvm.so+0x9749f2]  JVMCIRuntime::compile_method(JVMCIEnv*, JVMCICompiler*, methodHandle const&, int)+0xd2
V  [libjvm.so+0x5b0d20]  CompileBroker::invoke_compiler_on_method(CompileTask*)+0x1470
V  [libjvm.so+0x5b12e8]  CompileBroker::compiler_thread_loop()+0x528
V  [libjvm.so+0xd82460]  JavaThread::thread_main_inner()+0xd0
V  [libjvm.so+0xd85a40]  Thread::call_run()+0xc0
V  [libjvm.so+0xbdb1e1]  thread_native_entry(Thread*)+0xe1

Register to memory mapping:

RAX=0x00007f2b0e06d000 points into unknown readable memory: 0x0000000000000058 | 58 00 00 00 00 00 00 00
RBX=0x00007f2b0f168398: <offset 0x0000000000ef5398> in /nix/store/gpxl5qgg8kicmcvivwmybwjlpf7wh20l-graalvm17-ce-22.3.0/lib/server/libjvm.so at 0x00007f2b0e273000
RCX=0x00007f2b0f1201e8: <offset 0x0000000000ead1e8> in /nix/store/gpxl5qgg8kicmcvivwmybwjlpf7wh20l-graalvm17-ce-22.3.0/lib/server/libjvm.so at 0x00007f2b0e273000
RDX=0x0000000000000649 is an unknown value
RSP=0x00007f2aee518380 is pointing into the stack for thread: 0x00007f2b080b21d0
RBP=0x00007f2aee5183a0 is pointing into the stack for thread: 0x00007f2b080b21d0
RSI=0x00007f2b0f168c48: <offset 0x0000000000ef5c48> in /nix/store/gpxl5qgg8kicmcvivwmybwjlpf7wh20l-graalvm17-ce-22.3.0/lib/server/libjvm.so at 0x00007f2b0e273000
RDI=0x00000000e0000000 is an oop: java.lang.invoke.MethodType 
{0x00000000e0000000} - klass: 'java/lang/invoke/MethodType'
 - ---- fields (total size 5 words):
 - private final synchronized 'rtype' 'Ljava/lang/Class;' @12  a 'java/lang/Class'{0x00000000e075d6e8} = void (e075d6e8)
 - private final synchronized 'ptypes' '[Ljava/lang/Class;' @16  a 'java/lang/Class'[4] {0x00000000e0000028} (e0000028)
 - private synchronized 'form' 'Ljava/lang/invoke/MethodTypeForm;' @20  a 'java/lang/invoke/MethodTypeForm'{0x00000000e011c5c8} (e011c5c8)
 - private synchronized 'wrapAlt' 'Ljava/lang/Object;' @24  NULL (0)
 - private synchronized 'invokers' 'Ljava/lang/invoke/Invokers;' @28  NULL (0)
 - private synchronized 'methodDescriptor' 'Ljava/lang/String;' @32  "(Lorg/osgi/framework/ServiceEvent;Ljava/util/Collection;Lorg/osgi/framework/hooks/service/EventHook;Lorg/osgi/framework/ServiceRegistration;)V"{0x00000000e0000048} (e0000048)
 - signature: (Lorg/osgi/framework/ServiceEvent;Ljava/util/Collection;Lorg/osgi/framework/hooks/service/EventHook;Lorg/osgi/framework/ServiceRegistration;)V
R8 =0x00007f2b0f168398: <offset 0x0000000000ef5398> in /nix/store/gpxl5qgg8kicmcvivwmybwjlpf7wh20l-graalvm17-ce-22.3.0/lib/server/libjvm.so at 0x00007f2b0e273000
R9 =0x00007f2aee518330 is pointing into the stack for thread: 0x00007f2b080b21d0
R10=0x00007f2aee519948 is pointing into the stack for thread: 0x00007f2b080b21d0
R11=0x0000000000000293 is an unknown value
R12=0x0 is NULL
R13=0x00007f2b080b21d0 is a thread
R14=0x00007f2b08000b80 points into unknown readable memory: 0x00007f2b0f399a38 | 38 9a 39 0f 2b 7f 00 00
R15=0x00007f2b0f4a7e40: <offset 0x0000000001234e40> in /nix/store/gpxl5qgg8kicmcvivwmybwjlpf7wh20l-graalvm17-ce-22.3.0/lib/server/libjvm.so at 0x00007f2b0e273000


Registers:
RAX=0x00007f2b0e06d000, RBX=0x00007f2b0f168398, RCX=0x00007f2b0f1201e8, RDX=0x0000000000000649
RSP=0x00007f2aee518380, RBP=0x00007f2aee5183a0, RSI=0x00007f2b0f168c48, RDI=0x00000000e0000000
R8 =0x00007f2b0f168398, R9 =0x00007f2aee518330, R10=0x00007f2aee519948, R11=0x0000000000000293
R12=0x0000000000000000, R13=0x00007f2b080b21d0, R14=0x00007f2b08000b80, R15=0x00007f2b0f4a7e40
RIP=0x00007f2b0ebe5714, EFLAGS=0x0000000000010206, CSGSFS=0x002b000000000033, ERR=0x0000000000000006
  TRAPNO=0x000000000000000e

Top of Stack: (sp=0x00007f2aee518380)
0x00007f2aee518380:   00007f2aee518940 00007f2b080b21d0
0x00007f2aee518390:   00007f2b0c9fe8c8 0000000800c417a0
0x00007f2aee5183a0:   00007f2aee518500 00007f2b0ebb12fe
0x00007f2aee5183b0:   00007f2aee5183e0 00007f2aee518440 

Instructions: (pc=0x00007f2b0ebe5714)
0x00007f2b0ebe5614:   30 e8 f6 cf e8 ff 4c 89 e7 e8 2e 48 d1 ff 84 db
0x00007f2b0ebe5624:   75 2a 4d 85 ed 74 04 4d 8b 6d 00 48 83 c4 08 44
0x00007f2b0ebe5634:   89 f9 4c 89 f2 4c 89 ee 5b 4c 89 e7 41 5c 41 5d
0x00007f2b0ebe5644:   41 5e 41 5f 5d e9 e2 47 d1 ff 66 90 48 83 c4 08
0x00007f2b0ebe5654:   5b 41 5c 41 5d 41 5e 41 5f 5d c3 90 31 d2 be 08
0x00007f2b0ebe5664:   00 00 00 4c 89 ff e8 b1 78 a3 ff 49 89 c5 e9 37
0x00007f2b0ebe5674:   ff ff ff 66 0f 1f 84 00 00 00 00 00 48 8b 7a 08
0x00007f2b0ebe5684:   e9 6d ff ff ff 0f 1f 80 00 00 00 00 e8 5b 48 0a
0x00007f2b0ebe5694:   00 84 c0 75 89 e9 6a ff ff ff 66 90 55 48 89 e5
0x00007f2b0ebe56a4:   41 56 41 55 41 54 49 89 fc 53 48 89 f3 66 48 8d
0x00007f2b0ebe56b4:   3d 27 5e 85 00 66 66 48 e8 df 43 8d ff 4c 8b 28
0x00007f2b0ebe56c4:   8b 05 be 72 8a 00 85 c0 75 14 ba 01 00 00 00 48
0x00007f2b0ebe56d4:   8d 0d ae 72 8a 00 f0 0f b1 11 85 c0 74 4e be c8
0x00007f2b0ebe56e4:   00 00 00 4c 89 ef e8 01 0b 41 00 48 8d 05 12 ac
0x00007f2b0ebe56f4:   85 00 49 89 d8 48 8d 0d e8 aa 53 00 ba 49 06 00
0x00007f2b0ebe5704:   00 48 8d 35 3c 35 58 00 bf 00 00 00 e0 48 8b 00
0x00007f2b0ebe5714:   c6 00 58 31 c0 e8 e2 91 c6 ff 5b 41 5c 41 5d 41
0x00007f2b0ebe5724:   5e 5d e9 55 34 26 00 0f 1f 44 00 00 48 8d 05 81
0x00007f2b0ebe5734:   a3 8b 00 48 89 df 4c 8b 30 e8 9e 43 8d ff 48 89
0x00007f2b0ebe5744:   de 48 89 c2 49 8b 06 4c 89 f7 ff 50 08 4c 89 f7
0x00007f2b0ebe5754:   e8 a7 5c 27 00 4d 85 e4 74 12 be 01 00 00 00 4c
0x00007f2b0ebe5764:   89 e7 e8 35 43 fc ff eb 82 0f 1f 00 be 01 00 00
0x00007f2b0ebe5774:   00 4c 89 ef e8 d3 fd ff ff e9 6d ff ff ff 66 66
0x00007f2b0ebe5784:   2e 0f 1f 84 00 00 00 00 00 0f 1f 00 55 48 89 e5
0x00007f2b0ebe5794:   41 57 41 56 41 55 41 54 53 48 81 ec 08 02 00 00
0x00007f2b0ebe57a4:   64 48 8b 04 25 28 00 00 00 48 89 45 c8 8b 07 83
0x00007f2b0ebe57b4:   f8 02 0f 84 11 04 00 00 4c 8b 6f 18 49 89 ff 49
0x00007f2b0ebe57c4:   89 f4 4d 85 ed 74 14 4c 89 ef e8 5d 57 22 00 41
0x00007f2b0ebe57d4:   8b 07 83 f8 02 0f 84 19 04 00 00 48 8d 1d 9a 06
0x00007f2b0ebe57e4:   8a 00 4c 8d 35 0b 3c 58 00 eb 38 90 48 85 d2 7f
0x00007f2b0ebe57f4:   0d 48 8d 05 b4 c0 85 00 48 83 38 00 7e 0e 41 8b
0x00007f2b0ebe5804:   77 2c 4c 89 f7 31 c0 e8 a0 b2 f7 ff 49 8b 7f 18 


Stack slot to memory mapping:
stack at sp + 0 slots: 0x00007f2aee518940 is pointing into the stack for thread: 0x00007f2b080b21d0
stack at sp + 1 slots: 0x00007f2b080b21d0 is a thread
stack at sp + 2 slots: 0x00007f2b0c9fe8c8 points into unknown readable memory: 0x6573001880c9ffff | ff ff c9 80 18 00 73 65
stack at sp + 3 slots: 0x0000000800c417a0 is a pointer to class: 
jdk.vm.ci.services.Services {0x0000000800c417a0}
 - instance size:     2
 - klass size:        65
 - access:            public final synchronized 
 - state:             fully_initialized
 - name:              'jdk/vm/ci/services/Services'
 - super:             'java/lang/Object'
 - sub:               
 - arrays:            NULL
 - methods:           Array<T>(0x00007f2aeec44570)
 - method ordering:   Array<T>(0x0000000800928960)
 - default_methods:   Array<T>(0x0000000000000000)
 - local interfaces:  Array<T>(0x00000008005ce810)
 - trans. interfaces: Array<T>(0x00000008005ce810)
 - constants:         constant pool [427] {0x00007f2aeec43650} for 'jdk/vm/ci/services/Services' cache=0x00007f2aeec45840
 - class loader data:  loader data: 0x00007f2b080283f0 of 'bootstrap'
 - source file:       'Services.java'
 - class annotations:       Array<T>(0x0000000000000000)
 - class type annotations:  Array<T>(0x0000000000000000)
 - field annotations:       Array<T>(0x0000000000000000)
 - field type annotations:  Array<T>(0x0000000000000000)
 - inner classes:     Array<T>(0x00007f2aeec45810)
 - nest members:     Array<T>(0x00007f2aeec45830)
 - permitted subclasses:     Array<T>(0x00000008005ce7a0)
 - java mirror:       a 'java/lang/Class'{0x00000000e0175b00} = 'jdk/vm/ci/services/Services'
 - vtable length      5  (start addr: 0x0000000800c41970)
 - itable length      2 (start addr: 0x0000000800c41998)
 - ---- static fields (3 words):
 - public static final 'IS_BUILDING_NATIVE_IMAGE' 'Z' @128 
 - public static final 'IS_IN_NATIVE_IMAGE' 'Z' @129 
 - private static volatile 'savedProperties' 'Ljava/util/Map;' @112 
 - static final 'JVMCI_ENABLED' 'Z' @130 
 - private static final 'servicesCache' 'Ljava/util/Map;' @116 
 - private static final 'MAX_UNICODE_IN_UTF8_LENGTH' 'I' @120 
 - private static final 'MAX_UTF8_PROPERTY_STRING_LENGTH' 'I' @124 
 - ---- non-static fields (0 words):
 - non-static oop maps: 
stack at sp + 4 slots: 0x00007f2aee518500 is pointing into the stack for thread: 0x00007f2b080b21d0
stack at sp + 5 slots: 0x00007f2b0ebb12fe: <offset 0x000000000093e2fe> in /nix/store/gpxl5qgg8kicmcvivwmybwjlpf7wh20l-graalvm17-ce-22.3.0/lib/server/libjvm.so at 0x00007f2b0e273000
stack at sp + 6 slots: 0x00007f2aee5183e0 is pointing into the stack for thread: 0x00007f2b080b21d0
stack at sp + 7 slots: 0x00007f2aee518440 is pointing into the stack for thread: 0x00007f2b080b21d0


---------------  P R O C E S S  ---------------

Threads class SMR info:
_java_thread_list=0x00007f2a48006470, length=26, elements={
0x00007f2b08026690, 0x00007f2b080a64d0, 0x00007f2b080a7910, 0x00007f2b080ae040,
0x00007f2b080af3f0, 0x00007f2b080b07e0, 0x00007f2b080b21d0, 0x00007f2b080b36e0,
0x00007f2b080b4b30, 0x00007f2b080dfc80, 0x00007f2b08127440, 0x00007f2b08313c00,
0x00007f2b08347330, 0x00007f2b08349db0, 0x00007f2b0860e860, 0x00007f2a9c017180,
0x00007f2a9c2a2a50, 0x00007f2a9c304f40, 0x00007f2a9c484f60, 0x00007f2a9c5efb70,
0x00007f2b0836c240, 0x00007f2b08623cd0, 0x00007f2a6c000ff0, 0x00007f2a900010d0,
0x00007f2a74001130, 0x00007f2a90007440
}

Java Threads: ( => current thread )
  0x00007f2b08026690 JavaThread "main" [_thread_blocked, id=36, stack(0x00007f2b0e08e000,0x00007f2b0e18e000)]
  0x00007f2b080a64d0 JavaThread "Reference Handler" daemon [_thread_blocked, id=39, stack(0x00007f2b0c0a5000,0x00007f2b0c1a5000)]
  0x00007f2b080a7910 JavaThread "Finalizer" daemon [_thread_blocked, id=40, stack(0x00007f2aeeb00000,0x00007f2aeec00000)]
  0x00007f2b080ae040 JavaThread "Signal Dispatcher" daemon [_thread_blocked, id=41, stack(0x00007f2aee71a000,0x00007f2aee81a000)]
  0x00007f2b080af3f0 JavaThread "Service Thread" daemon [_thread_blocked, id=42, stack(0x00007f2aee61a000,0x00007f2aee71a000)]
  0x00007f2b080b07e0 JavaThread "Monitor Deflation Thread" daemon [_thread_blocked, id=43, stack(0x00007f2aee51a000,0x00007f2aee61a000)]
=>0x00007f2b080b21d0 JavaThread "JVMCI-native CompilerThread0" daemon [_thread_in_vm, id=44, stack(0x00007f2aee31a000,0x00007f2aee51a000)]
  0x00007f2b080b36e0 JavaThread "C1 CompilerThread0" daemon [_thread_blocked, id=45, stack(0x00007f2aee11a000,0x00007f2aee31a000)]
  0x00007f2b080b4b30 JavaThread "Sweeper thread" daemon [_thread_blocked, id=46, stack(0x00007f2aee01a000,0x00007f2aee11a000)]
  0x00007f2b080dfc80 JavaThread "Common-Cleaner" daemon [_thread_blocked, id=47, stack(0x00007f2aedf1a000,0x00007f2aee01a000)]
  0x00007f2b08127440 JavaThread "Notification Thread" daemon [_thread_blocked, id=49, stack(0x00007f2aede1a000,0x00007f2aedf1a000)]
  0x00007f2b08313c00 JavaThread "Active Thread: Equinox Container: 70ebc6e6-dae8-4107-b4c8-9f056d3c9c95" [_thread_blocked, id=62, stack(0x00007f2aeca00000,0x00007f2aecb00000)]
  0x00007f2b08347330 JavaThread "Framework Event Dispatcher: Equinox Container: 70ebc6e6-dae8-4107-b4c8-9f056d3c9c95" daemon [_thread_blocked, id=63, stack(0x00007f2aec800000,0x00007f2aec900000)]
  0x00007f2b08349db0 JavaThread "Start Level: Equinox Container: 70ebc6e6-dae8-4107-b4c8-9f056d3c9c95" daemon [_thread_blocked, id=64, stack(0x00007f2aec600000,0x00007f2aec700000)]
  0x00007f2b0860e860 JavaThread "Refresh Thread: Equinox Container: 70ebc6e6-dae8-4107-b4c8-9f056d3c9c95" daemon [_thread_blocked, id=65, stack(0x00007f2aec400000,0x00007f2aec500000)]
  0x00007f2a9c017180 JavaThread "SCR Component Actor" daemon [_thread_blocked, id=75, stack(0x00007f2aec200000,0x00007f2aec300000)]
  0x00007f2a9c2a2a50 JavaThread "Worker-JM" [_thread_blocked, id=80, stack(0x00007f2ab5b00000,0x00007f2ab5c00000)]
  0x00007f2a9c304f40 JavaThread "Worker-0: Periodic workspace save." [_thread_blocked, id=86, stack(0x00007f2ab5900000,0x00007f2ab5a00000)]
  0x00007f2a9c484f60 JavaThread "Java indexing" daemon [_thread_blocked, id=88, stack(0x00007f2ab5500000,0x00007f2ab5600000)]
  0x00007f2a9c5efb70 JavaThread "Bundle File Closer" daemon [_thread_blocked, id=89, stack(0x00007f2ab5300000,0x00007f2ab5400000)]
  0x00007f2b0836c240 JavaThread "pool-3-thread-1" [_thread_blocked, id=98, stack(0x00007f2ab5100000,0x00007f2ab5200000)]
  0x00007f2b08623cd0 JavaThread "pool-2-thread-1" [_thread_blocked, id=100, stack(0x00007f2ab4d00000,0x00007f2ab4e00000)]
  0x00007f2a6c000ff0 JavaThread "Worker-4: Refreshing workspace" [_thread_blocked, id=102, stack(0x00007f2ab4900000,0x00007f2ab4a00000)]
  0x00007f2a900010d0 JavaThread "Worker-7: Compacting resource model" [_thread_blocked, id=662, stack(0x00007f2ab4f00000,0x00007f2ab5000000)]
  0x00007f2a74001130 JavaThread "Worker-8: Updating workspace" [_thread_blocked, id=1143, stack(0x00007f2ab4700000,0x00007f2ab4800000)]
  0x00007f2a90007440 JavaThread "Worker-9" [_thread_blocked, id=1915, stack(0x00007f2ab5700000,0x00007f2ab5800000)]

Other Threads:
  0x00007f2b080a1c10 VMThread "VM Thread" [stack: 0x00007f2b0c1a7000,0x00007f2b0c2a7000] [id=38] _threads_hazard_ptr=0x00007f2a48006470
  0x00007f2b08128de0 WatcherThread [stack: 0x00007f2aedd1a000,0x00007f2aede1a000] [id=50]
  0x00007f2b0803df30 GCTaskThread "GC Thread#0" [stack: 0x00007f2b0dc51000,0x00007f2b0dd51000] [id=37]

Threads with active compile tasks:
JVMCI-native CompilerThread0   752004 8875       4       java.lang.Thread::interrupted (23 bytes)

VM state: synchronizing (normal execution)

VM Mutex/Monitor currently owned by a thread:  ([mutex/lock_event])
[0x00007f2b08023840] Threads_lock - owner thread: 0x00007f2b080a1c10
[0x00007f2b08023ff0] Heap_lock - owner thread: 0x00007f2a9c484f60

OutOfMemory and StackOverflow Exception counts:
OutOfMemoryError java_heap_errors=10
LinkageErrors=52

Heap address: 0x00000000e0000000, size: 512 MB, Compressed Oops mode: 32-bit

CDS archive(s) mapped at: [0x0000000800000000-0x0000000800bc8000-0x0000000800bc8000), size 12353536, SharedBaseAddress: 0x0000000800000000, ArchiveRelocationMode: 0.
Compressed class space mapped at: 0x0000000800c00000-0x0000000840c00000, reserved size: 1073741824
Narrow klass base: 0x0000000800000000, Narrow klass shift: 0, Narrow klass range: 0x100000000

GC Precious Log:
 CPUs: 8 total, 1 available
 Memory: 1024M
 Large Page Support: Disabled
 NUMA Support: Disabled
 Compressed Oops: Enabled (32-bit)
 Alignments: Space 512K, Generation 512K, Heap 2M
 Heap Min Capacity: 100M
 Heap Initial Capacity: 100M
 Heap Max Capacity: 512M
 Pre-touch: Disabled
 Parallel Workers: 1

Heap:
 PSYoungGen      total 31744K, used 22528K [0x00000000f5580000, 0x00000000f7f80000, 0x0000000100000000)
  eden space 22528K, 100% used [0x00000000f5580000,0x00000000f6b80000,0x00000000f6b80000)
  from space 9216K, 0% used [0x00000000f6b80000,0x00000000f6b80000,0x00000000f7480000)
  to   space 8192K, 0% used [0x00000000f7780000,0x00000000f7780000,0x00000000f7f80000)
 ParOldGen       total 349696K, used 349694K [0x00000000e0000000, 0x00000000f5580000, 0x00000000f5580000)
  object space 349696K, 99% used [0x00000000e0000000,0x00000000f557faf0,0x00000000f5580000)
 Metaspace       used 58017K, committed 58816K, reserved 1105920K
  class space    used 5731K, committed 6080K, reserved 1048576K

Card table byte_map: [0x00007f2b0dd51000,0x00007f2b0de52000] _byte_map_base: 0x00007f2b0d651000

Marking Bits: (ParMarkBitMap*) 0x00007f2b0f4a14c0
 Begin Bits: [0x00007f2b0cba4000, 0x00007f2b0d3a4000)
 End Bits:   [0x00007f2b0d3a4000, 0x00007f2b0dba4000)

Polling page: 0x00007f2b0e06b000

Metaspace:

Usage:
  Non-class:     51.06 MB used.
      Class:      5.60 MB used.
       Both:     56.66 MB used.

Virtual space:
  Non-class space:       56.00 MB reserved,      51.50 MB ( 92%) committed,  7 nodes.
      Class space:        1.00 GB reserved,       5.94 MB ( <1%) committed,  1 nodes.
             Both:        1.05 GB reserved,      57.44 MB (  5%) committed. 

Chunk freelists:
   Non-Class:  106.00 KB
       Class:  2.04 MB
        Both:  2.14 MB

MaxMetaspaceSize: unlimited
CompressedClassSpaceSize: 1.00 GB
Initial GC threshold: 21.00 MB
Current GC threshold: 95.75 MB
CDS: on
MetaspaceReclaimPolicy: balanced
 - commit_granule_bytes: 65536.
 - commit_granule_words: 8192.
 - virtual_space_node_default_size: 1048576.
 - enlarge_chunks_in_place: 1.
 - new_chunks_are_fully_committed: 0.
 - uncommit_free_chunks: 1.
 - use_allocation_guard: 0.
 - handle_deallocations: 1.


Internal statistics:

num_allocs_failed_limit: 6.
num_arena_births: 378.
num_arena_deaths: 76.
num_vsnodes_births: 8.
num_vsnodes_deaths: 0.
num_space_committed: 918.
num_space_uncommitted: 0.
num_chunks_returned_to_freelist: 104.
num_chunks_taken_from_freelist: 2611.
num_chunk_merges: 42.
num_chunk_splits: 1693.
num_chunks_enlarged: 1086.
num_purges: 2.
num_inconsistent_stats: 0.

CodeHeap 'non-profiled nmethods': size=120036Kb used=2722Kb max_used=2722Kb free=117313Kb
 bounds [0x00007f2af6f7a000, 0x00007f2af722a000, 0x00007f2afe4b3000]
CodeHeap 'profiled nmethods': size=120032Kb used=15178Kb max_used=15608Kb free=104853Kb
 bounds [0x00007f2aefa42000, 0x00007f2af0982000, 0x00007f2af6f7a000]
CodeHeap 'non-nmethods': size=5692Kb used=1382Kb max_used=1406Kb free=4309Kb
 bounds [0x00007f2aef4b3000, 0x00007f2aef723000, 0x00007f2aefa42000]
 total_blobs=7689 nmethods=6977 adapters=619
 compilation: enabled
              stopped_count=0, restarted_count=0
 full_count=0

JVMCI Events (20 events):
Event: 342.416 Thread 0x00007f2b080b21d0 releasing handles for JVMCI runtime 0: oop handles=231, metadata handles={total=1696, live=1461, blocks=53}
Event: 342.416 Thread 0x00007f2b080b21d0 detached from JVMCI runtime 0
Event: 603.451 Thread 0x00007f2b080b21d0 attached to JVMCI runtime 0
Event: 603.452 Thread 0x00007f2b080b21d0 created JavaVM[2]@0x00007f2ab3d9e340 for JVMCI runtime 0
Event: 603.452 Thread 0x00007f2b080b21d0 initializing JVMCI runtime 0
Event: 603.452 Thread 0x00007f2b080b21d0 done waiting for JavaVM references initialization in JVMCI runtime 0
Event: 681.123 Thread 0x00007f2b080b21d0 initialized JVMCI runtime 0
Event: 700.111 Thread 0x00007f2b080b21d0 compacted oop handles in JVMCI runtime 0 from 85 to 84
Event: 700.111 Thread 0x00007f2b080b21d0 compacted oop handles in JVMCI runtime 0 from 85 to 50
Event: 701.636 Thread 0x00007f2b080b21d0 detaching from JVMCI runtime 0: releasing idle compiler thread (0 other threads still attached)
Event: 701.636 Thread 0x00007f2b080b21d0 shutting down HotSpotJVMCIRuntime for JVMCI runtime 0
Event: 701.636 Thread 0x00007f2b080b21d0 shut down JVMCI runtime 0
Event: 701.640 Thread 0x00007f2b080b21d0 destroyed JavaVM[2]@0x00007f2ab3d9e340 for JVMCI runtime 0
Event: 701.640 Thread 0x00007f2b080b21d0 compacted oop handles in JVMCI runtime 0 from 52 to 52
Event: 701.640 Thread 0x00007f2b080b21d0 releasing handles for JVMCI runtime 0: oop handles=52, metadata handles={total=169, live=166, blocks=53}
Event: 701.640 Thread 0x00007f2b080b21d0 detached from JVMCI runtime 0
Event: 728.724 Thread 0x00007f2b080b21d0 attached to JVMCI runtime 0
Event: 728.725 Thread 0x00007f2b080b21d0 created JavaVM[3]@0x00007f2ab3d9e340 for JVMCI runtime 0
Event: 728.725 Thread 0x00007f2b080b21d0 initializing JVMCI runtime 0
Event: 728.725 Thread 0x00007f2b080b21d0 done waiting for JavaVM references initialization in JVMCI runtime 0

Compilation events (20 events):
Event: 547.103 Thread 0x00007f2b080b36e0 nmethod 8865 0x00007f2af0646210 code [0x00007f2af0646540, 0x00007f2af06481e0]
Event: 547.103 Thread 0x00007f2b080b36e0 8866       3       java.util.TimeZone::getDefault (10 bytes)
Event: 547.104 Thread 0x00007f2b080b36e0 nmethod 8866 0x00007f2af0645810 code [0x00007f2af0645a00, 0x00007f2af0646020]
Event: 578.198 Thread 0x00007f2b080b36e0 8867       3       java.io.FileOutputStream::<init> (22 bytes)
Event: 578.198 Thread 0x00007f2b080b36e0 nmethod 8867 0x00007f2af0645310 code [0x00007f2af06454c0, 0x00007f2af0645710]
Event: 589.133 Thread 0x00007f2b080b36e0 8868       3       java.io.OutputStreamWriter::close (8 bytes)
Event: 589.134 Thread 0x00007f2b080b36e0 nmethod 8868 0x00007f2af0644f10 code [0x00007f2af06450c0, 0x00007f2af0645220]
Event: 589.134 Thread 0x00007f2b080b36e0 8869   !   3       sun.nio.cs.StreamEncoder::close (48 bytes)
Event: 589.134 Thread 0x00007f2b080b36e0 nmethod 8869 0x00007f2af0644890 code [0x00007f2af0644a60, 0x00007f2af0644da0]
Event: 597.696 Thread 0x00007f2b080b36e0 8870       3       org.eclipse.core.internal.preferences.StringPool::add (59 bytes)
Event: 597.696 Thread 0x00007f2b080b36e0 nmethod 8870 0x00007f2af0643b10 code [0x00007f2af0643d00, 0x00007f2af06446d0]
Event: 603.451 Thread 0x00007f2b080b21d0 8871       4       java.util.HashMap::put (13 bytes)
Event: 682.551 Thread 0x00007f2b080b36e0 8874       3       org.eclipse.core.runtime.SubMonitor::isCanceled (20 bytes)
Event: 683.995 Thread 0x00007f2b080b36e0 nmethod 8874 0x00007f2af0643410 code [0x00007f2af06435c0, 0x00007f2af06439c0]
Event: 689.748 Thread 0x00007f2b080b21d0 nmethod 8871 0x00007f2af721f010 code [0x00007f2af721f280, 0x00007f2af721ffe0]
Event: 689.748 Thread 0x00007f2b080b21d0 8873       4       java.io.DataOutputStream::writeUTF (411 bytes)
Event: 700.111 Thread 0x00007f2b080b21d0 nmethod 8873 0x00007f2af7220890 code [0x00007f2af7220ae0, 0x00007f2af7221d80]
Event: 700.111 Thread 0x00007f2b080b21d0 8872       4       java.util.Collections$UnmodifiableMap$UnmodifiableEntrySet$UnmodifiableEntry::getValue (10 bytes)
Event: 700.112 Thread 0x00007f2b080b21d0 nmethod 8872 0x00007f2af7222610 code [0x00007f2af7222780, 0x00007f2af7222828]
Event: 728.724 Thread 0x00007f2b080b21d0 8875       4       java.lang.Thread::interrupted (23 bytes)

GC Heap History (20 events):
Event: 737.403 GC heap before
{Heap before GC invocations=620 (full 481):
 PSYoungGen      total 31744K, used 22527K [0x00000000f5580000, 0x00000000f7f80000, 0x0000000100000000)
  eden space 22528K, 99% used [0x00000000f5580000,0x00000000f6b7fff8,0x00000000f6b80000)
  from space 9216K, 0% used [0x00000000f6b80000,0x00000000f6b80000,0x00000000f7480000)
  to   space 8192K, 0% used [0x00000000f7780000,0x00000000f7780000,0x00000000f7f80000)
 ParOldGen       total 349696K, used 349691K [0x00000000e0000000, 0x00000000f5580000, 0x00000000f5580000)
  object space 349696K, 99% used [0x00000000e0000000,0x00000000f557ef90,0x00000000f5580000)
 Metaspace       used 58017K, committed 58816K, reserved 1105920K
  class space    used 5731K, committed 6080K, reserved 1048576K
}
Event: 738.900 GC heap after
{Heap after GC invocations=620 (full 481):
 PSYoungGen      total 30720K, used 22527K [0x00000000f5580000, 0x00000000f7f80000, 0x0000000100000000)
  eden space 22528K, 99% used [0x00000000f5580000,0x00000000f6b7ffc8,0x00000000f6b80000)
  from space 8192K, 0% used [0x00000000f7780000,0x00000000f7780000,0x00000000f7f80000)
  to   space 9216K, 0% used [0x00000000f6b80000,0x00000000f6b80000,0x00000000f7480000)
 ParOldGen       total 349696K, used 349688K [0x00000000e0000000, 0x00000000f5580000, 0x00000000f5580000)
  object space 349696K, 99% used [0x00000000e0000000,0x00000000f557e270,0x00000000f5580000)
 Metaspace       used 58017K, committed 58816K, reserved 1105920K
  class space    used 5731K, committed 6080K, reserved 1048576K
}
Event: 738.901 GC heap before
{Heap before GC invocations=621 (full 482):
 PSYoungGen      total 30720K, used 22527K [0x00000000f5580000, 0x00000000f7f80000, 0x0000000100000000)
  eden space 22528K, 99% used [0x00000000f5580000,0x00000000f6b7fff8,0x00000000f6b80000)
  from space 8192K, 0% used [0x00000000f7780000,0x00000000f7780000,0x00000000f7f80000)
  to   space 9216K, 0% used [0x00000000f6b80000,0x00000000f6b80000,0x00000000f7480000)
 ParOldGen       total 349696K, used 349688K [0x00000000e0000000, 0x00000000f5580000, 0x00000000f5580000)
  object space 349696K, 99% used [0x00000000e0000000,0x00000000f557e270,0x00000000f5580000)
 Metaspace       used 58017K, committed 58816K, reserved 1105920K
  class space    used 5731K, committed 6080K, reserved 1048576K
}
Event: 740.222 GC heap after
{Heap after GC invocations=621 (full 482):
 PSYoungGen      total 31744K, used 22527K [0x00000000f5580000, 0x00000000f7f80000, 0x0000000100000000)
  eden space 22528K, 99% used [0x00000000f5580000,0x00000000f6b7ffe0,0x00000000f6b80000)
  from space 9216K, 0% used [0x00000000f6b80000,0x00000000f6b80000,0x00000000f7480000)
  to   space 8192K, 0% used [0x00000000f7780000,0x00000000f7780000,0x00000000f7f80000)
 ParOldGen       total 349696K, used 349688K [0x00000000e0000000, 0x00000000f5580000, 0x00000000f5580000)
  object space 349696K, 99% used [0x00000000e0000000,0x00000000f557e270,0x00000000f5580000)
 Metaspace       used 58017K, committed 58816K, reserved 1105920K
  class space    used 5731K, committed 6080K, reserved 1048576K
}
Event: 740.223 GC heap before
{Heap before GC invocations=622 (full 483):
 PSYoungGen      total 31744K, used 22527K [0x00000000f5580000, 0x00000000f7f80000, 0x0000000100000000)
  eden space 22528K, 99% used [0x00000000f5580000,0x00000000f6b7fff8,0x00000000f6b80000)
  from space 9216K, 0% used [0x00000000f6b80000,0x00000000f6b80000,0x00000000f7480000)
  to   space 8192K, 0% used [0x00000000f7780000,0x00000000f7780000,0x00000000f7f80000)
 ParOldGen       total 349696K, used 349688K [0x00000000e0000000, 0x00000000f5580000, 0x00000000f5580000)
  object space 349696K, 99% used [0x00000000e0000000,0x00000000f557e270,0x00000000f5580000)
 Metaspace       used 58017K, committed 58816K, reserved 1105920K
  class space    used 5731K, committed 6080K, reserved 1048576K
}
Event: 741.625 GC heap after
{Heap after GC invocations=622 (full 483):
 PSYoungGen      total 30720K, used 22527K [0x00000000f5580000, 0x00000000f7f80000, 0x0000000100000000)
  eden space 22528K, 99% used [0x00000000f5580000,0x00000000f6b7fff8,0x00000000f6b80000)
  from space 8192K, 0% used [0x00000000f7780000,0x00000000f7780000,0x00000000f7f80000)
  to   space 9216K, 0% used [0x00000000f6b80000,0x00000000f6b80000,0x00000000f7480000)
 ParOldGen       total 349696K, used 349688K [0x00000000e0000000, 0x00000000f5580000, 0x00000000f5580000)
  object space 349696K, 99% used [0x00000000e0000000,0x00000000f557e270,0x00000000f5580000)
 Metaspace       used 58017K, committed 58816K, reserved 1105920K
  class space    used 5731K, committed 6080K, reserved 1048576K
}
Event: 741.626 GC heap before
{Heap before GC invocations=623 (full 484):
 PSYoungGen      total 30720K, used 22527K [0x00000000f5580000, 0x00000000f7f80000, 0x0000000100000000)
  eden space 22528K, 99% used [0x00000000f5580000,0x00000000f6b7fff8,0x00000000f6b80000)
  from space 8192K, 0% used [0x00000000f7780000,0x00000000f7780000,0x00000000f7f80000)
  to   space 9216K, 0% used [0x00000000f6b80000,0x00000000f6b80000,0x00000000f7480000)
 ParOldGen       total 349696K, used 349691K [0x00000000e0000000, 0x00000000f5580000, 0x00000000f5580000)
  object space 349696K, 99% used [0x00000000e0000000,0x00000000f557ec00,0x00000000f5580000)
 Metaspace       used 58017K, committed 58816K, reserved 1105920K
  class space    used 5731K, committed 6080K, reserved 1048576K
}
Event: 743.094 GC heap after
{Heap after GC invocations=623 (full 484):
 PSYoungGen      total 31744K, used 22527K [0x00000000f5580000, 0x00000000f7f80000, 0x0000000100000000)
  eden space 22528K, 99% used [0x00000000f5580000,0x00000000f6b7fe78,0x00000000f6b80000)
  from space 9216K, 0% used [0x00000000f6b80000,0x00000000f6b80000,0x00000000f7480000)
  to   space 8192K, 0% used [0x00000000f7780000,0x00000000f7780000,0x00000000f7f80000)
 ParOldGen       total 349696K, used 349690K [0x00000000e0000000, 0x00000000f5580000, 0x00000000f5580000)
  object space 349696K, 99% used [0x00000000e0000000,0x00000000f557e850,0x00000000f5580000)
 Metaspace       used 58017K, committed 58816K, reserved 1105920K
  class space    used 5731K, committed 6080K, reserved 1048576K
}
Event: 743.094 GC heap before
{Heap before GC invocations=624 (full 485):
 PSYoungGen      total 31744K, used 22527K [0x00000000f5580000, 0x00000000f7f80000, 0x0000000100000000)
  eden space 22528K, 99% used [0x00000000f5580000,0x00000000f6b7fff0,0x00000000f6b80000)
  from space 9216K, 0% used [0x00000000f6b80000,0x00000000f6b80000,0x00000000f7480000)
  to   space 8192K, 0% used [0x00000000f7780000,0x00000000f7780000,0x00000000f7f80000)
 ParOldGen       total 349696K, used 349690K [0x00000000e0000000, 0x00000000f5580000, 0x00000000f5580000)
  object space 349696K, 99% used [0x00000000e0000000,0x00000000f557e850,0x00000000f5580000)
 Metaspace       used 58017K, committed 58816K, reserved 1105920K
  class space    used 5731K, committed 6080K, reserved 1048576K
}
Event: 744.438 GC heap after
{Heap after GC invocations=624 (full 485):
 PSYoungGen      total 30720K, used 22527K [0x00000000f5580000, 0x00000000f7f80000, 0x0000000100000000)
  eden space 22528K, 99% used [0x00000000f5580000,0x00000000f6b7fff0,0x00000000f6b80000)
  from space 8192K, 0% used [0x00000000f7780000,0x00000000f7780000,0x00000000f7f80000)
  to   space 9216K, 0% used [0x00000000f6b80000,0x00000000f6b80000,0x00000000f7480000)
 ParOldGen       total 349696K, used 349690K [0x00000000e0000000, 0x00000000f5580000, 0x00000000f5580000)
  object space 349696K, 99% used [0x00000000e0000000,0x00000000f557e830,0x00000000f5580000)
 Metaspace       used 58017K, committed 58816K, reserved 1105920K
  class space    used 5731K, committed 6080K, reserved 1048576K
}
Event: 744.442 GC heap before
{Heap before GC invocations=625 (full 486):
 PSYoungGen      total 30720K, used 22528K [0x00000000f5580000, 0x00000000f7f80000, 0x0000000100000000)
  eden space 22528K, 100% used [0x00000000f5580000,0x00000000f6b80000,0x00000000f6b80000)
  from space 8192K, 0% used [0x00000000f7780000,0x00000000f7780000,0x00000000f7f80000)
  to   space 9216K, 0% used [0x00000000f6b80000,0x00000000f6b80000,0x00000000f7480000)
 ParOldGen       total 349696K, used 349694K [0x00000000e0000000, 0x00000000f5580000, 0x00000000f5580000)
  object space 349696K, 99% used [0x00000000e0000000,0x00000000f557f8b0,0x00000000f5580000)
 Metaspace       used 58017K, committed 58816K, reserved 1105920K
  class space    used 5731K, committed 6080K, reserved 1048576K
}
Event: 745.891 GC heap after
{Heap after GC invocations=625 (full 486):
 PSYoungGen      total 31744K, used 22527K [0x00000000f5580000, 0x00000000f7f80000, 0x0000000100000000)
  eden space 22528K, 99% used [0x00000000f5580000,0x00000000f6b7ff98,0x00000000f6b80000)
  from space 9216K, 0% used [0x00000000f6b80000,0x00000000f6b80000,0x00000000f7480000)
  to   space 8192K, 0% used [0x00000000f7780000,0x00000000f7780000,0x00000000f7f80000)
 ParOldGen       total 349696K, used 349693K [0x00000000e0000000, 0x00000000f5580000, 0x00000000f5580000)
  object space 349696K, 99% used [0x00000000e0000000,0x00000000f557f4d0,0x00000000f5580000)
 Metaspace       used 58017K, committed 58816K, reserved 1105920K
  class space    used 5731K, committed 6080K, reserved 1048576K
}
Event: 745.896 GC heap before
{Heap before GC invocations=626 (full 487):
 PSYoungGen      total 31744K, used 22527K [0x00000000f5580000, 0x00000000f7f80000, 0x0000000100000000)
  eden space 22528K, 99% used [0x00000000f5580000,0x00000000f6b7fff8,0x00000000f6b80000)
  from space 9216K, 0% used [0x00000000f6b80000,0x00000000f6b80000,0x00000000f7480000)
  to   space 8192K, 0% used [0x00000000f7780000,0x00000000f7780000,0x00000000f7f80000)
 ParOldGen       total 349696K, used 349695K [0x00000000e0000000, 0x00000000f5580000, 0x00000000f5580000)
  object space 349696K, 99% used [0x00000000e0000000,0x00000000f557fc00,0x00000000f5580000)
 Metaspace       used 58017K, committed 58816K, reserved 1105920K
  class space    used 5731K, committed 6080K, reserved 1048576K
}
Event: 747.500 GC heap after
{Heap after GC invocations=626 (full 487):
 PSYoungGen      total 30720K, used 22527K [0x00000000f5580000, 0x00000000f7f80000, 0x0000000100000000)
  eden space 22528K, 99% used [0x00000000f5580000,0x00000000f6b7ff98,0x00000000f6b80000)
  from space 8192K, 0% used [0x00000000f7780000,0x00000000f7780000,0x00000000f7f80000)
  to   space 9216K, 0% used [0x00000000f6b80000,0x00000000f6b80000,0x00000000f7480000)
 ParOldGen       total 349696K, used 349693K [0x00000000e0000000, 0x00000000f5580000, 0x00000000f5580000)
  object space 349696K, 99% used [0x00000000e0000000,0x00000000f557f7a0,0x00000000f5580000)
 Metaspace       used 58017K, committed 58816K, reserved 1105920K
  class space    used 5731K, committed 6080K, reserved 1048576K
}
Event: 747.500 GC heap before
{Heap before GC invocations=627 (full 488):
 PSYoungGen      total 30720K, used 22527K [0x00000000f5580000, 0x00000000f7f80000, 0x0000000100000000)
  eden space 22528K, 99% used [0x00000000f5580000,0x00000000f6b7ff98,0x00000000f6b80000)
  from space 8192K, 0% used [0x00000000f7780000,0x00000000f7780000,0x00000000f7f80000)
  to   space 9216K, 0% used [0x00000000f6b80000,0x00000000f6b80000,0x00000000f7480000)
 ParOldGen       total 349696K, used 349693K [0x00000000e0000000, 0x00000000f5580000, 0x00000000f5580000)
  object space 349696K, 99% used [0x00000000e0000000,0x00000000f557f7a0,0x00000000f5580000)
 Metaspace       used 58017K, committed 58816K, reserved 1105920K
  class space    used 5731K, committed 6080K, reserved 1048576K
}
Event: 748.906 GC heap after
{Heap after GC invocations=627 (full 488):
 PSYoungGen      total 31744K, used 22527K [0x00000000f5580000, 0x00000000f7f80000, 0x0000000100000000)
  eden space 22528K, 99% used [0x00000000f5580000,0x00000000f6b7ff98,0x00000000f6b80000)
  from space 9216K, 0% used [0x00000000f6b80000,0x00000000f6b80000,0x00000000f7480000)
  to   space 8192K, 0% used [0x00000000f7780000,0x00000000f7780000,0x00000000f7f80000)
 ParOldGen       total 349696K, used 349693K [0x00000000e0000000, 0x00000000f5580000, 0x00000000f5580000)
  object space 349696K, 99% used [0x00000000e0000000,0x00000000f557f7a0,0x00000000f5580000)
 Metaspace       used 58017K, committed 58816K, reserved 1105920K
  class space    used 5731K, committed 6080K, reserved 1048576K
}
Event: 748.910 GC heap before
{Heap before GC invocations=628 (full 489):
 PSYoungGen      total 31744K, used 22527K [0x00000000f5580000, 0x00000000f7f80000, 0x0000000100000000)
  eden space 22528K, 99% used [0x00000000f5580000,0x00000000f6b7ffe0,0x00000000f6b80000)
  from space 9216K, 0% used [0x00000000f6b80000,0x00000000f6b80000,0x00000000f7480000)
  to   space 8192K, 0% used [0x00000000f7780000,0x00000000f7780000,0x00000000f7f80000)
 ParOldGen       total 349696K, used 349694K [0x00000000e0000000, 0x00000000f5580000, 0x00000000f5580000)
  object space 349696K, 99% used [0x00000000e0000000,0x00000000f557f8b0,0x00000000f5580000)
 Metaspace       used 58017K, committed 58816K, reserved 1105920K
  class space    used 5731K, committed 6080K, reserved 1048576K
}
Event: 750.420 GC heap after
{Heap after GC invocations=628 (full 489):
 PSYoungGen      total 30720K, used 22527K [0x00000000f5580000, 0x00000000f7f80000, 0x0000000100000000)
  eden space 22528K, 99% used [0x00000000f5580000,0x00000000f6b7ff78,0x00000000f6b80000)
  from space 8192K, 0% used [0x00000000f7780000,0x00000000f7780000,0x00000000f7f80000)
  to   space 9216K, 0% used [0x00000000f6b80000,0x00000000f6b80000,0x00000000f7480000)
 ParOldGen       total 349696K, used 349694K [0x00000000e0000000, 0x00000000f5580000, 0x00000000f5580000)
  object space 349696K, 99% used [0x00000000e0000000,0x00000000f557f8b0,0x00000000f5580000)
 Metaspace       used 58017K, committed 58816K, reserved 1105920K
  class space    used 5731K, committed 6080K, reserved 1048576K
}
Event: 750.420 GC heap before
{Heap before GC invocations=629 (full 490):
 PSYoungGen      total 30720K, used 22527K [0x00000000f5580000, 0x00000000f7f80000, 0x0000000100000000)
  eden space 22528K, 99% used [0x00000000f5580000,0x00000000f6b7ff78,0x00000000f6b80000)
  from space 8192K, 0% used [0x00000000f7780000,0x00000000f7780000,0x00000000f7f80000)
  to   space 9216K, 0% used [0x00000000f6b80000,0x00000000f6b80000,0x00000000f7480000)
 ParOldGen       total 349696K, used 349694K [0x00000000e0000000, 0x00000000f5580000, 0x00000000f5580000)
  object space 349696K, 99% used [0x00000000e0000000,0x00000000f557f8b0,0x00000000f5580000)
 Metaspace       used 58017K, committed 58816K, reserved 1105920K
  class space    used 5731K, committed 6080K, reserved 1048576K
}
Event: 751.914 GC heap after
{Heap after GC invocations=629 (full 490):
 PSYoungGen      total 31744K, used 22527K [0x00000000f5580000, 0x00000000f7f80000, 0x0000000100000000)
  eden space 22528K, 99% used [0x00000000f5580000,0x00000000f6b7ff78,0x00000000f6b80000)
  from space 9216K, 0% used [0x00000000f6b80000,0x00000000f6b80000,0x00000000f7480000)
  to   space 8192K, 0% used [0x00000000f7780000,0x00000000f7780000,0x00000000f7f80000)
 ParOldGen       total 349696K, used 349694K [0x00000000e0000000, 0x00000000f5580000, 0x00000000f5580000)
  object space 349696K, 99% used [0x00000000e0000000,0x00000000f557f8b0,0x00000000f5580000)
 Metaspace       used 58017K, committed 58816K, reserved 1105920K
  class space    used 5731K, committed 6080K, reserved 1048576K
}

Dll operation events (9 events):
Event: 0.002 Loaded shared library /nix/store/gpxl5qgg8kicmcvivwmybwjlpf7wh20l-graalvm17-ce-22.3.0/lib/libjava.so
Event: 0.009 Loaded shared library /nix/store/gpxl5qgg8kicmcvivwmybwjlpf7wh20l-graalvm17-ce-22.3.0/lib/libjsvml.so
Event: 0.222 Loaded shared library /nix/store/gpxl5qgg8kicmcvivwmybwjlpf7wh20l-graalvm17-ce-22.3.0/lib/libnio.so
Event: 0.234 Loaded shared library /nix/store/gpxl5qgg8kicmcvivwmybwjlpf7wh20l-graalvm17-ce-22.3.0/lib/libzip.so
Event: 0.237 Loaded shared library /nix/store/gpxl5qgg8kicmcvivwmybwjlpf7wh20l-graalvm17-ce-22.3.0/lib/libjvmcicompiler.so
Event: 0.519 Loaded shared library /nix/store/gpxl5qgg8kicmcvivwmybwjlpf7wh20l-graalvm17-ce-22.3.0/lib/libjimage.so
Event: 1.112 Loaded shared library /nix/store/gpxl5qgg8kicmcvivwmybwjlpf7wh20l-graalvm17-ce-22.3.0/lib/libnet.so
Event: 4.308 Loaded shared library /home/runner/.cache/jdt-language-server/config/org.eclipse.equinox.launcher/org.eclipse.equinox.launcher.gtk.linux.x86_64_1.2.400.v20211117-0650/eclipse_11600.so
Event: 13.095 Loaded shared library /nix/store/gpxl5qgg8kicmcvivwmybwjlpf7wh20l-graalvm17-ce-22.3.0/lib/libextnet.so

Deoptimization events (20 events):
Event: 428.914 Thread 0x00007f2a9c484f60 Uncommon trap: trap_request=0xffffff8f fr.pc=0x00007f2af7216194 relative=0x0000000000000274
Event: 428.914 Thread 0x00007f2a9c484f60 Uncommon trap: reason=constraint action=none pc=0x00007f2af7216194 method=org.eclipse.jdt.internal.core.index.DiskIndex$IntList.add(I)V @ 0 jvmci
Event: 428.914 Thread 0x00007f2a9c484f60 DEOPT PACKING pc=0x00007f2af7216194 sp=0x00007f2ab55fe500
Event: 428.914 Thread 0x00007f2a9c484f60 DEOPT UNPACKING pc=0x00007f2aef505325 sp=0x00007f2ab55fd9a0 mode 3
Event: 439.511 Thread 0x00007f2a8402f860 Uncommon trap: trap_request=0xffffff8f fr.pc=0x00007f2af7142c38 relative=0x0000000000000518
Event: 439.511 Thread 0x00007f2a8402f860 Uncommon trap: reason=constraint action=none pc=0x00007f2af7142c38 method=org.eclipse.jdt.core.compiler.CharOperation.concatWith([[CC)[C @ 59 jvmci
Event: 439.511 Thread 0x00007f2a8402f860 DEOPT PACKING pc=0x00007f2af7142c38 sp=0x00007f2aec5fda10
Event: 439.511 Thread 0x00007f2a8402f860 DEOPT UNPACKING pc=0x00007f2aef505325 sp=0x00007f2aec5fceb8 mode 3
Event: 453.311 Thread 0x00007f2a9c484f60 Uncommon trap: trap_request=0xffffff8f fr.pc=0x00007f2af7202622 relative=0x00000000000011e2
Event: 453.311 Thread 0x00007f2a9c484f60 Uncommon trap: reason=constraint action=none pc=0x00007f2af7202622 method=org.eclipse.jdt.internal.core.index.DiskIndex.copyQueryResults(Lorg/eclipse/jdt/internal/compiler/util/HashtableOfObject;I)V @ 123 jvmci
Event: 453.311 Thread 0x00007f2a9c484f60 DEOPT PACKING pc=0x00007f2af7202622 sp=0x00007f2ab55fe530
Event: 453.311 Thread 0x00007f2a9c484f60 DEOPT UNPACKING pc=0x00007f2aef505325 sp=0x00007f2ab55fda28 mode 3
Event: 455.931 Thread 0x00007f2a9c484f60 Uncommon trap: trap_request=0xffffff8f fr.pc=0x00007f2af7216194 relative=0x0000000000000274
Event: 455.931 Thread 0x00007f2a9c484f60 Uncommon trap: reason=constraint action=none pc=0x00007f2af7216194 method=org.eclipse.jdt.internal.core.index.DiskIndex$IntList.add(I)V @ 0 jvmci
Event: 457.238 Thread 0x00007f2a9c484f60 DEOPT PACKING pc=0x00007f2af7216194 sp=0x00007f2ab55fe500
Event: 457.238 Thread 0x00007f2a9c484f60 DEOPT UNPACKING pc=0x00007f2aef505325 sp=0x00007f2ab55fd9b0 mode 3
Event: 748.906 Thread 0x00007f2b080b21d0 Uncommon trap: trap_request=0xffffff8f fr.pc=0x00007f2af6ffc23f relative=0x000000000000019f
Event: 748.906 Thread 0x00007f2b080b21d0 Uncommon trap: reason=constraint action=none pc=0x00007f2af6ffc23f method=java.util.Arrays.copyOf([BI)[B @ 0 jvmci
Event: 748.906 Thread 0x00007f2b080b21d0 DEOPT PACKING pc=0x00007f2af6ffc23f sp=0x00007f2aee517fe0
Event: 748.906 Thread 0x00007f2b080b21d0 DEOPT UNPACKING pc=0x00007f2aef505325 sp=0x00007f2aee517470 mode 3

Classes unloaded (20 events):
Event: 85.502 Thread 0x00007f2b080a1c10 Unloading class 0x0000000800ef4000 'jdk/internal/reflect/GeneratedConstructorAccessor8'
Event: 85.502 Thread 0x00007f2b080a1c10 Unloading class 0x0000000800d99000 'java/lang/invoke/LambdaForm$MH+0x0000000800d99000'
Event: 85.502 Thread 0x00007f2b080a1c10 Unloading class 0x0000000800d98c00 'java/lang/invoke/LambdaForm$MH+0x0000000800d98c00'
Event: 85.502 Thread 0x00007f2b080a1c10 Unloading class 0x0000000800d98800 'java/lang/invoke/LambdaForm$MH+0x0000000800d98800'
Event: 85.502 Thread 0x00007f2b080a1c10 Unloading class 0x0000000800d98400 'java/lang/invoke/LambdaForm$MH+0x0000000800d98400'
Event: 85.502 Thread 0x00007f2b080a1c10 Unloading class 0x0000000800d98000 'jdk/internal/reflect/GeneratedConstructorAccessor3'
Event: 85.502 Thread 0x00007f2b080a1c10 Unloading class 0x0000000800d06800 'java/lang/invoke/LambdaForm$MH+0x0000000800d06800'
Event: 85.502 Thread 0x00007f2b080a1c10 Unloading class 0x0000000800d06000 'java/lang/invoke/LambdaForm$MH+0x0000000800d06000'
Event: 85.502 Thread 0x00007f2b080a1c10 Unloading class 0x0000000800d05c00 'java/lang/invoke/LambdaForm$MH+0x0000000800d05c00'
Event: 85.502 Thread 0x00007f2b080a1c10 Unloading class 0x0000000800d05800 'java/lang/invoke/LambdaForm$MH+0x0000000800d05800'
Event: 85.502 Thread 0x00007f2b080a1c10 Unloading class 0x0000000800d05000 'java/lang/invoke/LambdaForm$MH+0x0000000800d05000'
Event: 85.502 Thread 0x00007f2b080a1c10 Unloading class 0x0000000800d04c00 'java/lang/invoke/LambdaForm$MH+0x0000000800d04c00'
Event: 85.502 Thread 0x00007f2b080a1c10 Unloading class 0x0000000800d04800 'java/lang/invoke/LambdaForm$MH+0x0000000800d04800'
Event: 85.502 Thread 0x00007f2b080a1c10 Unloading class 0x0000000800d04000 'java/lang/invoke/LambdaForm$MH+0x0000000800d04000'
Event: 85.502 Thread 0x00007f2b080a1c10 Unloading class 0x0000000800c1d000 'jdk/internal/reflect/GeneratedMethodAccessor5'
Event: 85.502 Thread 0x00007f2b080a1c10 Unloading class 0x0000000800c1cc00 'jdk/internal/reflect/GeneratedMethodAccessor4'
Event: 85.502 Thread 0x00007f2b080a1c10 Unloading class 0x0000000800c1c800 'jdk/internal/reflect/GeneratedMethodAccessor3'
Event: 85.502 Thread 0x00007f2b080a1c10 Unloading class 0x0000000800c1c400 'jdk/internal/reflect/GeneratedMethodAccessor2'
Event: 85.502 Thread 0x00007f2b080a1c10 Unloading class 0x0000000800c1c000 'jdk/internal/reflect/GeneratedMethodAccessor1'
Event: 85.502 Thread 0x00007f2b080a1c10 Unloading class 0x0000000800c01c00 'java/lang/invoke/LambdaForm$DMH+0x0000000800c01c00'

Classes redefined (0 events):
No events

Internal exceptions (20 events):
Event: 96.519 Thread 0x00007f2a6c000ff0 Exception <a 'sun/nio/fs/UnixException'{0x00000000f6b53560}> (0x00000000f6b53560) 
thrown [src/hotspot/share/prims/jni.cpp, line 516]
Event: 96.519 Thread 0x00007f2a6c000ff0 Exception <a 'sun/nio/fs/UnixException'{0x00000000f6b55d40}> (0x00000000f6b55d40) 
thrown [src/hotspot/share/prims/jni.cpp, line 516]
Event: 96.520 Thread 0x00007f2a6c000ff0 Exception <a 'sun/nio/fs/UnixException'{0x00000000f6b62508}> (0x00000000f6b62508) 
thrown [src/hotspot/share/prims/jni.cpp, line 516]
Event: 96.520 Thread 0x00007f2a6c000ff0 Exception <a 'sun/nio/fs/UnixException'{0x00000000f6b67c90}> (0x00000000f6b67c90) 
thrown [src/hotspot/share/prims/jni.cpp, line 516]
Event: 96.520 Thread 0x00007f2a6c000ff0 Exception <a 'sun/nio/fs/UnixException'{0x00000000f6b68a80}> (0x00000000f6b68a80) 
thrown [src/hotspot/share/prims/jni.cpp, line 516]
Event: 428.914 Thread 0x00007f2a9c484f60 Exception <a 'java/lang/OutOfMemoryError'{0x00000000e0008b30}> (0x00000000e0008b30) 
thrown [src/hotspot/share/gc/shared/memAllocator.cpp, line 138]
Event: 428.914 Thread 0x00007f2a9c484f60 Implicit null exception at 0x00007f2af72160ed to 0x00007f2af7216179
Event: 439.511 Thread 0x00007f2a8402f860 Exception <a 'java/lang/OutOfMemoryError'{0x00000000e0008590}> (0x00000000e0008590) 
thrown [src/hotspot/share/gc/shared/memAllocator.cpp, line 138]
Event: 439.511 Thread 0x00007f2a8402f860 Implicit null exception at 0x00007f2af7142a16 to 0x00007f2af7142c1d
Event: 446.324 Thread 0x00007f2a8402f860 Exception <a 'java/lang/OutOfMemoryError'{0x00000000e0008310}> (0x00000000e0008310) 
thrown [src/hotspot/share/gc/shared/memAllocator.cpp, line 136]
Event: 453.311 Thread 0x00007f2a9c484f60 Exception <a 'java/lang/OutOfMemoryError'{0x00000000e0007ff0}> (0x00000000e0007ff0) 
thrown [src/hotspot/share/gc/shared/memAllocator.cpp, line 138]
Event: 453.311 Thread 0x00007f2a9c484f60 Implicit null exception at 0x00007f2af720208e to 0x00007f2af7202607
Event: 455.931 Thread 0x00007f2a9c484f60 Exception <a 'java/lang/OutOfMemoryError'{0x00000000e0007ff0}> (0x00000000e0007ff0) 
thrown [src/hotspot/share/gc/shared/memAllocator.cpp, line 138]
Event: 455.931 Thread 0x00007f2a9c484f60 Implicit null exception at 0x00007f2af72160ed to 0x00007f2af7216179
Event: 461.133 Thread 0x00007f2a8402f860 Exception <a 'java/lang/OutOfMemoryError'{0x00000000e0008310}> (0x00000000e0008310) 
thrown [src/hotspot/share/gc/shared/memAllocator.cpp, line 136]
Event: 560.091 Thread 0x00007f2a8402f860 Exception <a 'java/lang/OutOfMemoryError'{0x00000000e0008310}> (0x00000000e0008310) 
thrown [src/hotspot/share/gc/shared/memAllocator.cpp, line 136]
Event: 589.133 Thread 0x00007f2a8402f860 Exception <a 'java/lang/OutOfMemoryError'{0x00000000e0008310}> (0x00000000e0008310) 
thrown [src/hotspot/share/gc/shared/memAllocator.cpp, line 136]
Event: 748.906 Thread 0x00007f2b080b21d0 Exception <a 'java/lang/OutOfMemoryError'{0x00000000e0007ff0}> (0x00000000e0007ff0) 
thrown [src/hotspot/share/gc/shared/memAllocator.cpp, line 138]
Event: 748.906 Thread 0x00007f2b080b21d0 Implicit null exception at 0x00007f2af6ffc1d9 to 0x00007f2af6ffc224
Event: 751.915 Thread 0x00007f2b080b21d0 Exception <a 'java/lang/OutOfMemoryError'{0x00000000e0008310}> (0x00000000e0008310) 
thrown [src/hotspot/share/gc/shared/memAllocator.cpp, line 136]

VM Operations (20 events):
Event: 734.392 Executing VM operation: ParallelGCFailedAllocation
Event: 735.926 Executing VM operation: ParallelGCFailedAllocation done
Event: 735.926 Executing VM operation: ParallelGCFailedAllocation
Event: 737.403 Executing VM operation: ParallelGCFailedAllocation done
Event: 737.403 Executing VM operation: ParallelGCFailedAllocation
Event: 738.900 Executing VM operation: ParallelGCFailedAllocation done
Event: 738.901 Executing VM operation: ParallelGCFailedAllocation
Event: 740.222 Executing VM operation: ParallelGCFailedAllocation done
Event: 740.223 Executing VM operation: ParallelGCFailedAllocation
Event: 741.625 Executing VM operation: ParallelGCFailedAllocation done
Event: 741.626 Executing VM operation: ParallelGCFailedAllocation
Event: 743.094 Executing VM operation: ParallelGCFailedAllocation done
Event: 743.094 Executing VM operation: ParallelGCFailedAllocation
Event: 744.438 Executing VM operation: ParallelGCFailedAllocation done
Event: 744.438 Executing VM operation: ParallelGCFailedAllocation
Event: 745.891 Executing VM operation: ParallelGCFailedAllocation done
Event: 745.896 Executing VM operation: ParallelGCFailedAllocation
Event: 748.906 Executing VM operation: ParallelGCFailedAllocation done
Event: 748.906 Executing VM operation: ParallelGCFailedAllocation
Event: 751.914 Executing VM operation: ParallelGCFailedAllocation done

Events (20 events):
Event: 165.694 Thread 0x00007f2a900010d0 Thread exited: 0x00007f2a900010d0
Event: 167.200 Thread 0x00007f2a740ccc30 Thread exited: 0x00007f2a740ccc30
Event: 167.200 Thread 0x00007f2a90007440 Thread exited: 0x00007f2a90007440
Event: 174.317 Thread 0x00007f2a900010d0 Thread added: 0x00007f2a900010d0
Event: 174.317 Protecting memory [0x00007f2ab4f00000,0x00007f2ab4f04000] with protection modes 0
Event: 320.232 Thread 0x00007f2a74001130 Thread added: 0x00007f2a74001130
Event: 320.232 Protecting memory [0x00007f2ab4700000,0x00007f2ab4704000] with protection modes 0
Event: 517.604 loading class java/lang/AssertionError
Event: 517.604 loading class java/lang/AssertionError done
Event: 536.419 Thread 0x00007f2a90007440 Thread added: 0x00007f2a90007440
Event: 536.419 Protecting memory [0x00007f2ab5700000,0x00007f2ab5704000] with protection modes 0
Event: 553.642 loading class java/lang/Throwable$WrappedPrintWriter
Event: 553.642 loading class java/lang/Throwable$PrintStreamOrWriter
Event: 557.508 loading class java/lang/Throwable$PrintStreamOrWriter done
Event: 557.508 loading class java/lang/Throwable$WrappedPrintWriter done
Event: 560.091 loading class java/security/PrivilegedActionException
Event: 561.435 loading class java/security/PrivilegedActionException done
Event: 604.996 loading class java/lang/Throwable$WrappedPrintStream
Event: 604.996 loading class java/lang/Throwable$WrappedPrintStream done
Event: 604.997 Thread 0x00007f2a8402f860 Thread exited: 0x00007f2a8402f860


Dynamic libraries:
e0000000-f5580000 rw-p 00000000 00:00 0 
f5580000-f7f80000 rw-p 00000000 00:00 0 
f7f80000-100000000 ---p 00000000 00:00 0 
800000000-800449000 rw-p 00001000 00:cdf 9223372037562745673             /nix/store/gpxl5qgg8kicmcvivwmybwjlpf7wh20l-graalvm17-ce-22.3.0/lib/server/classes.jsa
800449000-800bc8000 r--p 0044a000 00:cdf 9223372037562745673             /nix/store/gpxl5qgg8kicmcvivwmybwjlpf7wh20l-graalvm17-ce-22.3.0/lib/server/classes.jsa
800bc8000-800c00000 ---p 00000000 00:00 0 
800c00000-800c20000 rw-p 00000000 00:00 0 
800c20000-800c40000 rw-p 00000000 00:00 0 
800c40000-800cc0000 rw-p 00000000 00:00 0 
800cc0000-800d00000 rw-p 00000000 00:00 0 
800d00000-800dc0000 rw-p 00000000 00:00 0 
800dc0000-800e00000 rw-p 00000000 00:00 0 
800e00000-800f40000 rw-p 00000000 00:00 0 
800f40000-800ff0000 rw-p 00000000 00:00 0 
800ff0000-801000000 ---p 00000000 00:00 0 
801000000-801200000 rw-p 00000000 00:00 0 
801200000-840c00000 ---p 00000000 00:00 0 
556a6f069000-556a6f06a000 r-xp 00000000 00:cdf 9223372037526805748       /nix/store/gpxl5qgg8kicmcvivwmybwjlpf7wh20l-graalvm17-ce-22.3.0/bin/.java-wrapped
556a6f06b000-556a6f06c000 r--p 00001000 00:cdf 9223372037526805748       /nix/store/gpxl5qgg8kicmcvivwmybwjlpf7wh20l-graalvm17-ce-22.3.0/bin/.java-wrapped
556a6f06c000-556a6f06d000 rw-p 00002000 00:cdf 9223372037526805748       /nix/store/gpxl5qgg8kicmcvivwmybwjlpf7wh20l-graalvm17-ce-22.3.0/bin/.java-wrapped
556a6f06d000-556a6f06e000 rw-p 00004000 00:cdf 9223372037526805748       /nix/store/gpxl5qgg8kicmcvivwmybwjlpf7wh20l-graalvm17-ce-22.3.0/bin/.java-wrapped
556a6f06e000-556a6f06f000 rw-p 00005000 00:cdf 9223372037526805748       /nix/store/gpxl5qgg8kicmcvivwmybwjlpf7wh20l-graalvm17-ce-22.3.0/bin/.java-wrapped
556a7020e000-556a70256000 rw-p 00000000 00:00 0                          [heap]
7f2a48000000-7f2a48021000 rw-p 00000000 00:00 0 
7f2a48021000-7f2a4c000000 ---p 00000000 00:00 0 
7f2a4c000000-7f2a4c021000 rw-p 00000000 00:00 0 
7f2a4c021000-7f2a50000000 ---p 00000000 00:00 0 
7f2a54000000-7f2a540ca000 rw-p 00000000 00:00 0 
7f2a540ca000-7f2a58000000 ---p 00000000 00:00 0 
7f2a58000000-7f2a5808d000 rw-p 00000000 00:00 0 
7f2a5808d000-7f2a5c000000 ---p 00000000 00:00 0 
7f2a5c000000-7f2a5c021000 rw-p 00000000 00:00 0 
7f2a5c021000-7f2a60000000 ---p 00000000 00:00 0 
7f2a60c00000-7f2a60f70000 rw-p 00000000 00:00 0 
7f2a60f70000-7f2a60f80000 ---p 00000000 00:00 0 
7f2a60f80000-7f2a60f90000 rw-p 00000000 00:00 0 
7f2a60f90000-7f2a61400000 ---p 00000000 00:00 0 
7f2a61400000-7f2a61580000 rw-p 00000000 00:00 0 
7f2a61580000-7f2a61780000 rw-p 00000000 00:00 0 
7f2a61780000-7f2a61800000 rw-p 00000000 00:00 0 
7f2a61800000-7f2a61c00000 rw-p 00000000 00:00 0 
7f2a61cb3000-7f2a6b800000 r--s 00000000 00:cdf 9223372037562580485       /nix/store/gpxl5qgg8kicmcvivwmybwjlpf7wh20l-graalvm17-ce-22.3.0/lib/modules
7f2a6b800000-7f2a6b900000 rw-p 00000000 00:00 0 
7f2a6b900000-7f2a6ba00000 rw-p 00000000 00:00 0 
7f2a6ba00000-7f2a6c000000 rw-p 00000000 00:00 0 
7f2a6c000000-7f2a6c05c000 rw-p 00000000 00:00 0 
7f2a6c05c000-7f2a70000000 ---p 00000000 00:00 0 
7f2a70000000-7f2a700ff000 rw-p 00000000 00:00 0 
7f2a700ff000-7f2a74000000 ---p 00000000 00:00 0 
7f2a74000000-7f2a741e6000 rw-p 00000000 00:00 0 
7f2a741e6000-7f2a78000000 ---p 00000000 00:00 0 
7f2a78000000-7f2a781b4000 rw-p 00000000 00:00 0 
7f2a781b4000-7f2a7c000000 ---p 00000000 00:00 0 
7f2a7c000000-7f2a7c021000 rw-p 00000000 00:00 0 
7f2a7c021000-7f2a80000000 ---p 00000000 00:00 0 
7f2a80000000-7f2a80021000 rw-p 00000000 00:00 0 
7f2a80021000-7f2a84000000 ---p 00000000 00:00 0 
7f2a84000000-7f2a84059000 rw-p 00000000 00:00 0 
7f2a84059000-7f2a88000000 ---p 00000000 00:00 0 
7f2a88000000-7f2a8805c000 rw-p 00000000 00:00 0 
7f2a8805c000-7f2a8c000000 ---p 00000000 00:00 0 
7f2a8c000000-7f2a8c021000 rw-p 00000000 00:00 0 
7f2a8c021000-7f2a90000000 ---p 00000000 00:00 0 
7f2a90000000-7f2a902e7000 rw-p 00000000 00:00 0 
7f2a902e7000-7f2a94000000 ---p 00000000 00:00 0 
7f2a94000000-7f2a94021000 rw-p 00000000 00:00 0 
7f2a94021000-7f2a98000000 ---p 00000000 00:00 0 
7f2a98000000-7f2a98169000 rw-p 00000000 00:00 0 
7f2a98169000-7f2a9c000000 ---p 00000000 00:00 0 
7f2a9c000000-7f2a9c8ba000 rw-p 00000000 00:00 0 
7f2a9c8ba000-7f2aa0000000 ---p 00000000 00:00 0 
7f2aa0000000-7f2aa0025000 rw-p 00000000 00:00 0 
7f2aa0025000-7f2aa4000000 ---p 00000000 00:00 0 
7f2aa4000000-7f2aa4021000 rw-p 00000000 00:00 0 
7f2aa4021000-7f2aa8000000 ---p 00000000 00:00 0 
7f2aa8000000-7f2aa8021000 rw-p 00000000 00:00 0 
7f2aa8021000-7f2aac000000 ---p 00000000 00:00 0 
7f2aac000000-7f2aac021000 rw-p 00000000 00:00 0 
7f2aac021000-7f2ab0000000 ---p 00000000 00:00 0 
7f2ab0400000-7f2ab0500000 rw-p 00000000 00:00 0 
7f2ab0500000-7f2ab0700000 rw-p 00000000 00:00 0 
7f2ab0700000-7f2ab0900000 rw-p 00000000 00:00 0 
7f2ab0900000-7f2ab0a00000 rw-p 00000000 00:00 0 
7f2ab0a00000-7f2ab0c00000 rw-p 00000000 00:00 0 
7f2ab0c00000-7f2ab0d00000 rw-p 00000000 00:00 0 
7f2ab0d00000-7f2ab0e00000 rw-p 00000000 00:00 0 
7f2ab0e00000-7f2ab1400000 rw-p 00000000 00:00 0 
7f2ab1400000-7f2ab1500000 rw-p 00000000 00:00 0 
7f2ab1500000-7f2ab1600000 rw-p 00000000 00:00 0 
7f2ab1600000-7f2ab1900000 rw-p 00000000 00:00 0 
7f2ab1900000-7f2ab1a00000 rw-p 00000000 00:00 0 
7f2ab1a00000-7f2ab1c00000 rw-p 00000000 00:00 0 
7f2ab2e00000-7f2ab2e10000 r-xp 00000000 00:cdc 353                       /home/runner/.cache/jdt-language-server/config/org.eclipse.equinox.launcher/org.eclipse.equinox.launcher.gtk.linux.x86_64_1.2.400.v20211117-0650/eclipse_11600.so
7f2ab2e10000-7f2ab300f000 ---p 00010000 00:cdc 353                       /home/runner/.cache/jdt-language-server/config/org.eclipse.equinox.launcher/org.eclipse.equinox.launcher.gtk.linux.x86_64_1.2.400.v20211117-0650/eclipse_11600.so
7f2ab300f000-7f2ab3010000 r--p 0000f000 00:cdc 353                       /home/runner/.cache/jdt-language-server/config/org.eclipse.equinox.launcher/org.eclipse.equinox.launcher.gtk.linux.x86_64_1.2.400.v20211117-0650/eclipse_11600.so
7f2ab3010000-7f2ab3011000 rw-p 00010000 00:cdc 353                       /home/runner/.cache/jdt-language-server/config/org.eclipse.equinox.launcher/org.eclipse.equinox.launcher.gtk.linux.x86_64_1.2.400.v20211117-0650/eclipse_11600.so
7f2ab3100000-7f2ab3200000 ---p 00000000 00:00 0 
7f2ab3200000-7f2ab37af000 r--p 01122000 00:cdf 9223372037562577944       /nix/store/gpxl5qgg8kicmcvivwmybwjlpf7wh20l-graalvm17-ce-22.3.0/lib/libjvmcicompiler.so
7f2ab37af000-7f2ab3900000 r--p 00000000 00:00 0 
7f2ab3900000-7f2ab393d000 rw-p 00000000 00:00 0 
7f2ab393d000-7f2ab3e5d000 rw-p 0185f000 00:cdf 9223372037562577944       /nix/store/gpxl5qgg8kicmcvivwmybwjlpf7wh20l-graalvm17-ce-22.3.0/lib/libjvmcicompiler.so
7f2ab3e5d000-7f2ab4244000 r--p 01d7f000 00:cdf 9223372037562577944       /nix/store/gpxl5qgg8kicmcvivwmybwjlpf7wh20l-graalvm17-ce-22.3.0/lib/libjvmcicompiler.so
7f2ab4300000-7f2ab4304000 ---p 00000000 00:00 0 
7f2ab4304000-7f2ab4400000 rw-p 00000000 00:00 0 
7f2ab4500000-7f2ab4504000 ---p 00000000 00:00 0 
7f2ab4504000-7f2ab4600000 rw-p 00000000 00:00 0 
7f2ab4700000-7f2ab4704000 ---p 00000000 00:00 0 
7f2ab4704000-7f2ab4800000 rw-p 00000000 00:00 0 
7f2ab4900000-7f2ab4904000 ---p 00000000 00:00 0 
7f2ab4904000-7f2ab4a00000 rw-p 00000000 00:00 0 
7f2ab4b00000-7f2ab4b04000 ---p 00000000 00:00 0 
7f2ab4b04000-7f2ab4c00000 rw-p 00000000 00:00 0 
7f2ab4d00000-7f2ab4d04000 ---p 00000000 00:00 0 
7f2ab4d04000-7f2ab4e00000 rw-p 00000000 00:00 0 
7f2ab4f00000-7f2ab4f04000 ---p 00000000 00:00 0 
7f2ab4f04000-7f2ab5000000 rw-p 00000000 00:00 0 
7f2ab5100000-7f2ab5104000 ---p 00000000 00:00 0 
7f2ab5104000-7f2ab5200000 rw-p 00000000 00:00 0 
7f2ab5200000-7f2ab5204000 ---p 00000000 00:00 0 
7f2ab5204000-7f2ab5300000 rw-p 00000000 00:00 0 
7f2ab5300000-7f2ab5304000 ---p 00000000 00:00 0 
7f2ab5304000-7f2ab5400000 rw-p 00000000 00:00 0 
7f2ab5500000-7f2ab5504000 ---p 00000000 00:00 0 
7f2ab5504000-7f2ab5600000 rw-p 00000000 00:00 0 
7f2ab5700000-7f2ab5704000 ---p 00000000 00:00 0 
7f2ab5704000-7f2ab5800000 rw-p 00000000 00:00 0 
7f2ab5900000-7f2ab5904000 ---p 00000000 00:00 0 
7f2ab5904000-7f2ab5a00000 rw-p 00000000 00:00 0 
7f2ab5b00000-7f2ab5b04000 ---p 00000000 00:00 0 
7f2ab5b04000-7f2ab5c00000 rw-p 00000000 00:00 0 
7f2ab5c00000-7f2ab7d6a000 r-xp 00000000 00:cdf 9223372037562577944       /nix/store/gpxl5qgg8kicmcvivwmybwjlpf7wh20l-graalvm17-ce-22.3.0/lib/libjvmcicompiler.so
7f2ab7d6a000-7f2ab7f69000 ---p 0216a000 00:cdf 9223372037562577944       /nix/store/gpxl5qgg8kicmcvivwmybwjlpf7wh20l-graalvm17-ce-22.3.0/lib/libjvmcicompiler.so
7f2ab7f69000-7f2ab7f6a000 r--p 02169000 00:cdf 9223372037562577944       /nix/store/gpxl5qgg8kicmcvivwmybwjlpf7wh20l-graalvm17-ce-22.3.0/lib/libjvmcicompiler.so
7f2ab7f6a000-7f2ab7f6c000 rw-p 0216a000 00:cdf 9223372037562577944       /nix/store/gpxl5qgg8kicmcvivwmybwjlpf7wh20l-graalvm17-ce-22.3.0/lib/libjvmcicompiler.so
7f2ab7f6c000-7f2ab7f6d000 rw-p 00000000 00:00 0 
7f2ab7f6d000-7f2ab7f72000 rw-p 023c3000 00:cdf 9223372037562577944       /nix/store/gpxl5qgg8kicmcvivwmybwjlpf7wh20l-graalvm17-ce-22.3.0/lib/libjvmcicompiler.so
7f2ab8000000-7f2ab8021000 rw-p 00000000 00:00 0 
7f2ab8021000-7f2abc000000 ---p 00000000 00:00 0 
7f2abc000000-7f2abc021000 rw-p 00000000 00:00 0 
7f2abc021000-7f2ac0000000 ---p 00000000 00:00 0 
7f2ac0000000-7f2ac0059000 rw-p 00000000 00:00 0 
7f2ac0059000-7f2ac4000000 ---p 00000000 00:00 0 
7f2ac4000000-7f2ac4021000 rw-p 00000000 00:00 0 
7f2ac4021000-7f2ac8000000 ---p 00000000 00:00 0 
7f2ac8000000-7f2ac80e4000 rw-p 00000000 00:00 0 
7f2ac80e4000-7f2acc000000 ---p 00000000 00:00 0 
7f2acc000000-7f2acc9fe000 rw-p 00000000 00:00 0 
7f2acc9fe000-7f2ad0000000 ---p 00000000 00:00 0 
7f2ad0000000-7f2ad0021000 rw-p 00000000 00:00 0 
7f2ad0021000-7f2ad4000000 ---p 00000000 00:00 0 
7f2ad4000000-7f2ad4021000 rw-p 00000000 00:00 0 
7f2ad4021000-7f2ad8000000 ---p 00000000 00:00 0 
7f2ad8000000-7f2ad8021000 rw-p 00000000 00:00 0 
7f2ad8021000-7f2adc000000 ---p 00000000 00:00 0 
7f2adc000000-7f2adc021000 rw-p 00000000 00:00 0 
7f2adc021000-7f2ae0000000 ---p 00000000 00:00 0 
7f2ae0000000-7f2ae0021000 rw-p 00000000 00:00 0 
7f2ae0021000-7f2ae4000000 ---p 00000000 00:00 0 
7f2ae4000000-7f2ae4021000 rw-p 00000000 00:00 0 
7f2ae4021000-7f2ae8000000 ---p 00000000 00:00 0 
7f2ae8000000-7f2ae81d3000 rw-p 00000000 00:00 0 
7f2ae81d3000-7f2aec004000 ---p 00000000 00:00 0 
7f2aec004000-7f2aec100000 rw-p 00000000 00:00 0 
7f2aec200000-7f2aec204000 ---p 00000000 00:00 0 
7f2aec204000-7f2aec300000 rw-p 00000000 00:00 0 
7f2aec400000-7f2aec404000 ---p 00000000 00:00 0 
7f2aec404000-7f2aec500000 rw-p 00000000 00:00 0 
7f2aec500000-7f2aec504000 ---p 00000000 00:00 0 
7f2aec504000-7f2aec600000 rw-p 00000000 00:00 0 
7f2aec600000-7f2aec604000 ---p 00000000 00:00 0 
7f2aec604000-7f2aec700000 rw-p 00000000 00:00 0 
7f2aec700000-7f2aec704000 ---p 00000000 00:00 0 
7f2aec704000-7f2aec800000 rw-p 00000000 00:00 0 
7f2aec800000-7f2aec804000 ---p 00000000 00:00 0 
7f2aec804000-7f2aec900000 rw-p 00000000 00:00 0 
7f2aeca00000-7f2aeca04000 ---p 00000000 00:00 0 
7f2aeca04000-7f2aecb00000 rw-p 00000000 00:00 0 
7f2aed868000-7f2aedd00000 rw-p 00000000 00:00 0 
7f2aedd18000-7f2aedd19000 ---p 00000000 00:00 0 
7f2aedd19000-7f2aede1a000 rw-p 00000000 00:00 0 
7f2aede1a000-7f2aede1e000 ---p 00000000 00:00 0 
7f2aede1e000-7f2aedf1a000 rw-p 00000000 00:00 0 
7f2aedf1a000-7f2aedf1e000 ---p 00000000 00:00 0 
7f2aedf1e000-7f2aee01a000 rw-p 00000000 00:00 0 
7f2aee01a000-7f2aee01e000 ---p 00000000 00:00 0 
7f2aee01e000-7f2aee11a000 rw-p 00000000 00:00 0 
7f2aee11a000-7f2aee11e000 ---p 00000000 00:00 0 
7f2aee11e000-7f2aee31a000 rw-p 00000000 00:00 0 
7f2aee31a000-7f2aee31e000 ---p 00000000 00:00 0 
7f2aee31e000-7f2aee51a000 rw-p 00000000 00:00 0 
7f2aee51a000-7f2aee51e000 ---p 00000000 00:00 0 
7f2aee51e000-7f2aee61a000 rw-p 00000000 00:00 0 
7f2aee61a000-7f2aee61e000 ---p 00000000 00:00 0 
7f2aee61e000-7f2aee71a000 rw-p 00000000 00:00 0 
7f2aee71a000-7f2aee71e000 ---p 00000000 00:00 0 
7f2aee71e000-7f2aee81a000 rw-p 00000000 00:00 0 
7f2aee81a000-7f2aeeb00000 r--p 00000000 00:cb3 28444448                  /usr/lib/locale/locale-archive
7f2aeeb00000-7f2aeeb04000 ---p 00000000 00:00 0 
7f2aeeb04000-7f2aef000000 rw-p 00000000 00:00 0 
7f2aef000000-7f2aef300000 rw-p 00000000 00:00 0 
7f2aef300000-7f2aef400000 rw-p 00000000 00:00 0 
7f2aef4b3000-7f2aef723000 rwxp 00000000 00:00 0 
7f2aef723000-7f2aefa42000 ---p 00000000 00:00 0 
7f2aefa42000-7f2af0982000 rwxp 00000000 00:00 0 
7f2af0982000-7f2af6f7a000 ---p 00000000 00:00 0 
7f2af6f7a000-7f2af722a000 rwxp 00000000 00:00 0 
7f2af722a000-7f2afe4b3000 ---p 00000000 00:00 0 
7f2afe4b3000-7f2b08000000 r--s 00000000 00:cdf 9223372037562580485       /nix/store/gpxl5qgg8kicmcvivwmybwjlpf7wh20l-graalvm17-ce-22.3.0/lib/modules
7f2b08000000-7f2b08629000 rw-p 00000000 00:00 0 
7f2b08629000-7f2b0c000000 ---p 00000000 00:00 0 
7f2b0c03d000-7f2b0c03f000 r-xp 00000000 00:cdf 9223372037562577921       /nix/store/gpxl5qgg8kicmcvivwmybwjlpf7wh20l-graalvm17-ce-22.3.0/lib/libextnet.so
7f2b0c03f000-7f2b0c040000 r--p 00001000 00:cdf 9223372037562577921       /nix/store/gpxl5qgg8kicmcvivwmybwjlpf7wh20l-graalvm17-ce-22.3.0/lib/libextnet.so
7f2b0c040000-7f2b0c041000 rw-p 00002000 00:cdf 9223372037562577921       /nix/store/gpxl5qgg8kicmcvivwmybwjlpf7wh20l-graalvm17-ce-22.3.0/lib/libextnet.so
7f2b0c041000-7f2b0c042000 rw-p 00004000 00:cdf 9223372037562577921       /nix/store/gpxl5qgg8kicmcvivwmybwjlpf7wh20l-graalvm17-ce-22.3.0/lib/libextnet.so
7f2b0c042000-7f2b0c046000 ---p 00000000 00:00 0 
7f2b0c046000-7f2b0c064000 rw-p 00000000 00:00 0 
7f2b0c064000-7f2b0c06b000 r-xp 00000000 00:cdf 9223372037562580484       /nix/store/gpxl5qgg8kicmcvivwmybwjlpf7wh20l-graalvm17-ce-22.3.0/lib/libzip.so
7f2b0c06b000-7f2b0c06c000 ---p 00007000 00:cdf 9223372037562580484       /nix/store/gpxl5qgg8kicmcvivwmybwjlpf7wh20l-graalvm17-ce-22.3.0/lib/libzip.so
7f2b0c06c000-7f2b0c06d000 r--p 00007000 00:cdf 9223372037562580484       /nix/store/gpxl5qgg8kicmcvivwmybwjlpf7wh20l-graalvm17-ce-22.3.0/lib/libzip.so
7f2b0c06d000-7f2b0c06e000 rw-p 00008000 00:cdf 9223372037562580484       /nix/store/gpxl5qgg8kicmcvivwmybwjlpf7wh20l-graalvm17-ce-22.3.0/lib/libzip.so
7f2b0c06e000-7f2b0c070000 rw-p 0000b000 00:cdf 9223372037562580484       /nix/store/gpxl5qgg8kicmcvivwmybwjlpf7wh20l-graalvm17-ce-22.3.0/lib/libzip.so
7f2b0c070000-7f2b0c085000 r-xp 00000000 00:cdf 9223372037562580474       /nix/store/gpxl5qgg8kicmcvivwmybwjlpf7wh20l-graalvm17-ce-22.3.0/lib/libnet.so
7f2b0c085000-7f2b0c086000 ---p 00015000 00:cdf 9223372037562580474       /nix/store/gpxl5qgg8kicmcvivwmybwjlpf7wh20l-graalvm17-ce-22.3.0/lib/libnet.so
7f2b0c086000-7f2b0c087000 r--p 00015000 00:cdf 9223372037562580474       /nix/store/gpxl5qgg8kicmcvivwmybwjlpf7wh20l-graalvm17-ce-22.3.0/lib/libnet.so
7f2b0c087000-7f2b0c088000 rw-p 00016000 00:cdf 9223372037562580474       /nix/store/gpxl5qgg8kicmcvivwmybwjlpf7wh20l-graalvm17-ce-22.3.0/lib/libnet.so
7f2b0c088000-7f2b0c08b000 rw-p 0001b000 00:cdf 9223372037562580474       /nix/store/gpxl5qgg8kicmcvivwmybwjlpf7wh20l-graalvm17-ce-22.3.0/lib/libnet.so
7f2b0c08b000-7f2b0c09e000 r-xp 00000000 00:cdf 9223372037562580475       /nix/store/gpxl5qgg8kicmcvivwmybwjlpf7wh20l-graalvm17-ce-22.3.0/lib/libnio.so
7f2b0c09e000-7f2b0c09f000 r--p 00012000 00:cdf 9223372037562580475       /nix/store/gpxl5qgg8kicmcvivwmybwjlpf7wh20l-graalvm17-ce-22.3.0/lib/libnio.so
7f2b0c09f000-7f2b0c0a0000 rw-p 00013000 00:cdf 9223372037562580475       /nix/store/gpxl5qgg8kicmcvivwmybwjlpf7wh20l-graalvm17-ce-22.3.0/lib/libnio.so
7f2b0c0a0000-7f2b0c0a5000 rw-p 00019000 00:cdf 9223372037562580475       /nix/store/gpxl5qgg8kicmcvivwmybwjlpf7wh20l-graalvm17-ce-22.3.0/lib/libnio.so
7f2b0c0a5000-7f2b0c0a9000 ---p 00000000 00:00 0 
7f2b0c0a9000-7f2b0c1a5000 rw-p 00000000 00:00 0 
7f2b0c1a5000-7f2b0c1a6000 ---p 00000000 00:00 0 
7f2b0c1a6000-7f2b0c2a7000 rw-p 00000000 00:00 0 
7f2b0c2a7000-7f2b0c375000 r-xp 00000000 00:cdf 9223372037562577940       /nix/store/gpxl5qgg8kicmcvivwmybwjlpf7wh20l-graalvm17-ce-22.3.0/lib/libjsvml.so
7f2b0c375000-7f2b0c376000 r--p 000cd000 00:cdf 9223372037562577940       /nix/store/gpxl5qgg8kicmcvivwmybwjlpf7wh20l-graalvm17-ce-22.3.0/lib/libjsvml.so
7f2b0c376000-7f2b0c377000 rw-p 000ce000 00:cdf 9223372037562577940       /nix/store/gpxl5qgg8kicmcvivwmybwjlpf7wh20l-graalvm17-ce-22.3.0/lib/libjsvml.so
7f2b0c377000-7f2b0dc4f000 rw-p 00000000 00:00 0 
7f2b0dc4f000-7f2b0dc50000 ---p 00000000 00:00 0 
7f2b0dc50000-7f2b0ddfb000 rw-p 00000000 00:00 0 
7f2b0ddfb000-7f2b0de11000 rw-p 00000000 00:00 0 
7f2b0de11000-7f2b0de51000 ---p 00000000 00:00 0 
7f2b0de51000-7f2b0de58000 rw-p 00000000 00:00 0 
7f2b0de58000-7f2b0df3d000 ---p 00000000 00:00 0 
7f2b0df3d000-7f2b0df5c000 rw-p 00000000 00:00 0 
7f2b0df5c000-7f2b0e028000 ---p 00000000 00:00 0 
7f2b0e028000-7f2b0e02d000 rw-p 00000000 00:00 0 
7f2b0e02d000-7f2b0e034000 ---p 00000000 00:00 0 
7f2b0e034000-7f2b0e058000 r-xp 00000000 00:cdf 9223372037562577932       /nix/store/gpxl5qgg8kicmcvivwmybwjlpf7wh20l-graalvm17-ce-22.3.0/lib/libjava.so
7f2b0e058000-7f2b0e059000 ---p 00024000 00:cdf 9223372037562577932       /nix/store/gpxl5qgg8kicmcvivwmybwjlpf7wh20l-graalvm17-ce-22.3.0/lib/libjava.so
7f2b0e059000-7f2b0e05a000 r--p 00024000 00:cdf 9223372037562577932       /nix/store/gpxl5qgg8kicmcvivwmybwjlpf7wh20l-graalvm17-ce-22.3.0/lib/libjava.so
7f2b0e05a000-7f2b0e05b000 rw-p 00025000 00:cdf 9223372037562577932       /nix/store/gpxl5qgg8kicmcvivwmybwjlpf7wh20l-graalvm17-ce-22.3.0/lib/libjava.so
7f2b0e05b000-7f2b0e05c000 rw-p 00000000 00:00 0 
7f2b0e05c000-7f2b0e063000 rw-p 0002f000 00:cdf 9223372037562577932       /nix/store/gpxl5qgg8kicmcvivwmybwjlpf7wh20l-graalvm17-ce-22.3.0/lib/libjava.so
7f2b0e063000-7f2b0e06b000 rw-s 00000000 00:293 350                       /tmp/hsperfdata_runner/29
7f2b0e06b000-7f2b0e06c000 ---p 00000000 00:00 0 
7f2b0e06c000-7f2b0e06d000 r--p 00000000 00:00 0 
7f2b0e06d000-7f2b0e06e000 rwxp 00000000 00:00 0 
7f2b0e06e000-7f2b0e089000 r-xp 00000000 00:cdf 9223372037562577936       /nix/store/gpxl5qgg8kicmcvivwmybwjlpf7wh20l-graalvm17-ce-22.3.0/lib/libjimage.so
7f2b0e089000-7f2b0e08a000 ---p 0001b000 00:cdf 9223372037562577936       /nix/store/gpxl5qgg8kicmcvivwmybwjlpf7wh20l-graalvm17-ce-22.3.0/lib/libjimage.so
7f2b0e08a000-7f2b0e08c000 r--p 0001b000 00:cdf 9223372037562577936       /nix/store/gpxl5qgg8kicmcvivwmybwjlpf7wh20l-graalvm17-ce-22.3.0/lib/libjimage.so
7f2b0e08c000-7f2b0e08d000 rw-p 0001d000 00:cdf 9223372037562577936       /nix/store/gpxl5qgg8kicmcvivwmybwjlpf7wh20l-graalvm17-ce-22.3.0/lib/libjimage.so
7f2b0e08d000-7f2b0e08e000 rw-p 00024000 00:cdf 9223372037562577936       /nix/store/gpxl5qgg8kicmcvivwmybwjlpf7wh20l-graalvm17-ce-22.3.0/lib/libjimage.so
7f2b0e08e000-7f2b0e092000 ---p 00000000 00:00 0 
7f2b0e092000-7f2b0e18e000 rw-p 00000000 00:00 0 
7f2b0e18e000-7f2b0e19c000 r--p 00000000 00:cdf 9223372037455367831       /nix/store/4nlgxhb09sdr51nc9hdm8az5b08vzkgx-glibc-2.35-163/lib/libm.so.6
7f2b0e19c000-7f2b0e20f000 r-xp 0000e000 00:cdf 9223372037455367831       /nix/store/4nlgxhb09sdr51nc9hdm8az5b08vzkgx-glibc-2.35-163/lib/libm.so.6
7f2b0e20f000-7f2b0e26c000 r--p 00081000 00:cdf 9223372037455367831       /nix/store/4nlgxhb09sdr51nc9hdm8az5b08vzkgx-glibc-2.35-163/lib/libm.so.6
7f2b0e26c000-7f2b0e26d000 r--p 000dd000 00:cdf 9223372037455367831       /nix/store/4nlgxhb09sdr51nc9hdm8az5b08vzkgx-glibc-2.35-163/lib/libm.so.6
7f2b0e26d000-7f2b0e26e000 rw-p 000de000 00:cdf 9223372037455367831       /nix/store/4nlgxhb09sdr51nc9hdm8az5b08vzkgx-glibc-2.35-163/lib/libm.so.6
7f2b0e26e000-7f2b0e26f000 r--p 00000000 00:cdf 9223372037455367850       /nix/store/4nlgxhb09sdr51nc9hdm8az5b08vzkgx-glibc-2.35-163/lib/librt.so.1
7f2b0e26f000-7f2b0e270000 r-xp 00001000 00:cdf 9223372037455367850       /nix/store/4nlgxhb09sdr51nc9hdm8az5b08vzkgx-glibc-2.35-163/lib/librt.so.1
7f2b0e270000-7f2b0e271000 r--p 00002000 00:cdf 9223372037455367850       /nix/store/4nlgxhb09sdr51nc9hdm8az5b08vzkgx-glibc-2.35-163/lib/librt.so.1
7f2b0e271000-7f2b0e272000 r--p 00002000 00:cdf 9223372037455367850       /nix/store/4nlgxhb09sdr51nc9hdm8az5b08vzkgx-glibc-2.35-163/lib/librt.so.1
7f2b0e272000-7f2b0e273000 rw-p 00003000 00:cdf 9223372037455367850       /nix/store/4nlgxhb09sdr51nc9hdm8az5b08vzkgx-glibc-2.35-163/lib/librt.so.1
7f2b0e273000-7f2b0f386000 r-xp 00000000 00:cdf 9223372037562748770       /nix/store/gpxl5qgg8kicmcvivwmybwjlpf7wh20l-graalvm17-ce-22.3.0/lib/server/libjvm.so
7f2b0f386000-7f2b0f387000 ---p 01113000 00:cdf 9223372037562748770       /nix/store/gpxl5qgg8kicmcvivwmybwjlpf7wh20l-graalvm17-ce-22.3.0/lib/server/libjvm.so
7f2b0f387000-7f2b0f43c000 r--p 01113000 00:cdf 9223372037562748770       /nix/store/gpxl5qgg8kicmcvivwmybwjlpf7wh20l-graalvm17-ce-22.3.0/lib/server/libjvm.so
7f2b0f43c000-7f2b0f470000 rw-p 011c8000 00:cdf 9223372037562748770       /nix/store/gpxl5qgg8kicmcvivwmybwjlpf7wh20l-graalvm17-ce-22.3.0/lib/server/libjvm.so
7f2b0f470000-7f2b0f4cc000 rw-p 00000000 00:00 0 
7f2b0f4cc000-7f2b0f4f4000 r--p 00000000 00:cdf 9223372037455367822       /nix/store/4nlgxhb09sdr51nc9hdm8az5b08vzkgx-glibc-2.35-163/lib/libc.so.6
7f2b0f4f4000-7f2b0f66a000 r-xp 00028000 00:cdf 9223372037455367822       /nix/store/4nlgxhb09sdr51nc9hdm8az5b08vzkgx-glibc-2.35-163/lib/libc.so.6
7f2b0f66a000-7f2b0f6c2000 r--p 0019e000 00:cdf 9223372037455367822       /nix/store/4nlgxhb09sdr51nc9hdm8az5b08vzkgx-glibc-2.35-163/lib/libc.so.6
7f2b0f6c2000-7f2b0f6c6000 r--p 001f6000 00:cdf 9223372037455367822       /nix/store/4nlgxhb09sdr51nc9hdm8az5b08vzkgx-glibc-2.35-163/lib/libc.so.6
7f2b0f6c6000-7f2b0f6c8000 rw-p 001fa000 00:cdf 9223372037455367822       /nix/store/4nlgxhb09sdr51nc9hdm8az5b08vzkgx-glibc-2.35-163/lib/libc.so.6
7f2b0f6c8000-7f2b0f6d7000 rw-p 00000000 00:00 0 
7f2b0f6d7000-7f2b0f6d8000 r--p 00000000 00:cdf 9223372037455367827       /nix/store/4nlgxhb09sdr51nc9hdm8az5b08vzkgx-glibc-2.35-163/lib/libdl.so.2
7f2b0f6d8000-7f2b0f6d9000 r-xp 00001000 00:cdf 9223372037455367827       /nix/store/4nlgxhb09sdr51nc9hdm8az5b08vzkgx-glibc-2.35-163/lib/libdl.so.2
7f2b0f6d9000-7f2b0f6da000 r--p 00002000 00:cdf 9223372037455367827       /nix/store/4nlgxhb09sdr51nc9hdm8az5b08vzkgx-glibc-2.35-163/lib/libdl.so.2
7f2b0f6da000-7f2b0f6db000 r--p 00002000 00:cdf 9223372037455367827       /nix/store/4nlgxhb09sdr51nc9hdm8az5b08vzkgx-glibc-2.35-163/lib/libdl.so.2
7f2b0f6db000-7f2b0f6dc000 rw-p 00003000 00:cdf 9223372037455367827       /nix/store/4nlgxhb09sdr51nc9hdm8az5b08vzkgx-glibc-2.35-163/lib/libdl.so.2
7f2b0f6dc000-7f2b0f6dd000 r--p 00000000 00:cdf 9223372037455367846       /nix/store/4nlgxhb09sdr51nc9hdm8az5b08vzkgx-glibc-2.35-163/lib/libpthread.so.0
7f2b0f6dd000-7f2b0f6de000 r-xp 00001000 00:cdf 9223372037455367846       /nix/store/4nlgxhb09sdr51nc9hdm8az5b08vzkgx-glibc-2.35-163/lib/libpthread.so.0
7f2b0f6de000-7f2b0f6df000 r--p 00002000 00:cdf 9223372037455367846       /nix/store/4nlgxhb09sdr51nc9hdm8az5b08vzkgx-glibc-2.35-163/lib/libpthread.so.0
7f2b0f6df000-7f2b0f6e0000 r--p 00002000 00:cdf 9223372037455367846       /nix/store/4nlgxhb09sdr51nc9hdm8az5b08vzkgx-glibc-2.35-163/lib/libpthread.so.0
7f2b0f6e0000-7f2b0f6e1000 rw-p 00003000 00:cdf 9223372037455367846       /nix/store/4nlgxhb09sdr51nc9hdm8az5b08vzkgx-glibc-2.35-163/lib/libpthread.so.0
7f2b0f6e1000-7f2b0f6ef000 r-xp 00000000 00:cdf 9223372037562577937       /nix/store/gpxl5qgg8kicmcvivwmybwjlpf7wh20l-graalvm17-ce-22.3.0/lib/libjli.so
7f2b0f6ef000-7f2b0f6f0000 ---p 0000e000 00:cdf 9223372037562577937       /nix/store/gpxl5qgg8kicmcvivwmybwjlpf7wh20l-graalvm17-ce-22.3.0/lib/libjli.so
7f2b0f6f0000-7f2b0f6f1000 r--p 0000e000 00:cdf 9223372037562577937       /nix/store/gpxl5qgg8kicmcvivwmybwjlpf7wh20l-graalvm17-ce-22.3.0/lib/libjli.so
7f2b0f6f1000-7f2b0f6f2000 rw-p 0000f000 00:cdf 9223372037562577937       /nix/store/gpxl5qgg8kicmcvivwmybwjlpf7wh20l-graalvm17-ce-22.3.0/lib/libjli.so
7f2b0f6f2000-7f2b0f6f3000 rw-p 00012000 00:cdf 9223372037562577937       /nix/store/gpxl5qgg8kicmcvivwmybwjlpf7wh20l-graalvm17-ce-22.3.0/lib/libjli.so
7f2b0f6f3000-7f2b0f6f6000 r--p 00000000 00:cdf 9223372037533597975       /nix/store/026hln0aq1hyshaxsdvhg0kmcm6yf45r-zlib-1.2.13/lib/libz.so.1.2.13
7f2b0f6f6000-7f2b0f708000 r-xp 00003000 00:cdf 9223372037533597975       /nix/store/026hln0aq1hyshaxsdvhg0kmcm6yf45r-zlib-1.2.13/lib/libz.so.1.2.13
7f2b0f708000-7f2b0f70f000 r--p 00015000 00:cdf 9223372037533597975       /nix/store/026hln0aq1hyshaxsdvhg0kmcm6yf45r-zlib-1.2.13/lib/libz.so.1.2.13
7f2b0f70f000-7f2b0f710000 r--p 0001b000 00:cdf 9223372037533597975       /nix/store/026hln0aq1hyshaxsdvhg0kmcm6yf45r-zlib-1.2.13/lib/libz.so.1.2.13
7f2b0f710000-7f2b0f711000 rw-p 0001c000 00:cdf 9223372037533597975       /nix/store/026hln0aq1hyshaxsdvhg0kmcm6yf45r-zlib-1.2.13/lib/libz.so.1.2.13
7f2b0f711000-7f2b0f713000 rw-p 00000000 00:00 0 
7f2b0f713000-7f2b0f715000 r--p 00000000 00:cdf 9223372037455367816       /nix/store/4nlgxhb09sdr51nc9hdm8az5b08vzkgx-glibc-2.35-163/lib/ld-linux-x86-64.so.2
7f2b0f715000-7f2b0f73c000 r-xp 00002000 00:cdf 9223372037455367816       /nix/store/4nlgxhb09sdr51nc9hdm8az5b08vzkgx-glibc-2.35-163/lib/ld-linux-x86-64.so.2
7f2b0f73c000-7f2b0f748000 r--p 00029000 00:cdf 9223372037455367816       /nix/store/4nlgxhb09sdr51nc9hdm8az5b08vzkgx-glibc-2.35-163/lib/ld-linux-x86-64.so.2
7f2b0f748000-7f2b0f74a000 r--p 00034000 00:cdf 9223372037455367816       /nix/store/4nlgxhb09sdr51nc9hdm8az5b08vzkgx-glibc-2.35-163/lib/ld-linux-x86-64.so.2
7f2b0f74a000-7f2b0f74c000 rw-p 00036000 00:cdf 9223372037455367816       /nix/store/4nlgxhb09sdr51nc9hdm8az5b08vzkgx-glibc-2.35-163/lib/ld-linux-x86-64.so.2
7ffd3f67f000-7ffd3f6a3000 rw-p 00000000 00:00 0                          [stack]
7ffd3f70b000-7ffd3f70f000 r--p 00000000 00:00 0                          [vvar]
7ffd3f70f000-7ffd3f711000 r-xp 00000000 00:00 0                          [vdso]
ffffffffff600000-ffffffffff601000 --xp 00000000 00:00 0                  [vsyscall]


VM Arguments:
jvm_args: -XX:ThreadPriorityPolicy=1 -XX:+UnlockExperimentalVMOptions -XX:+EnableJVMCIProduct -XX:JVMCIThreadsPerNativeLibraryRuntime=1 -XX:-UnlockExperimentalVMOptions -Declipse.application=org.eclipse.jdt.ls.core.id1 -Dosgi.bundles.defaultStartLevel=4 -Declipse.product=org.eclipse.jdt.ls.core.product -Dlog.level=ALL -Xverify:none -XX:+UseParallelGC -XX:GCTimeRatio=4 -XX:AdaptiveSizePolicyWeight=90 -Dsun.zip.disableMemoryMapping=true -Xmx512m -Xms100m 
java_command: /nix/store/m6gcpi1ii6rghy04cjwjddcavv7i90df-jdt-language-server-1.9.0/share/java/plugins/org.eclipse.equinox.launcher_1.6.400.v20210924-0641.jar --add-modules=ALL-SYSTEM --add-opens java.base/java.util=ALL-UNNAMED --add-opens java.base/java.lang=ALL-UNNAMED -configuration /home/runner/.cache/jdt-language-server/config -data /home/runner/.cache/jdt-language-server/data/home/runner/placeValue
java_class_path (initial): /nix/store/m6gcpi1ii6rghy04cjwjddcavv7i90df-jdt-language-server-1.9.0/share/java/plugins/org.eclipse.equinox.launcher_1.6.400.v20210924-0641.jar
Launcher Type: SUN_STANDARD

[Global flags]
    uintx AdaptiveSizePolicyWeight                 = 90                                        {product} {command line}
     intx CICompilerCount                          = 2                                         {product} {ergonomic}
     bool EnableJVMCIProduct                       = true                                {JVMCI product} {jimage}
    uintx GCTimeRatio                              = 4                                         {product} {command line}
   size_t InitialHeapSize                          = 104857600                                 {product} {command line}
     uint JVMCIThreadsPerNativeLibraryRuntime      = 1                                   {JVMCI product} {jimage}
   size_t MaxHeapSize                              = 536870912                                 {product} {command line}
   size_t MaxNewSize                               = 178782208                                 {product} {ergonomic}
   size_t MinHeapDeltaBytes                        = 524288                                    {product} {ergonomic}
   size_t MinHeapSize                              = 104857600                                 {product} {command line}
   size_t NewSize                                  = 34603008                                  {product} {ergonomic}
    uintx NonNMethodCodeHeapSize                   = 5826188                                {pd product} {ergonomic}
    uintx NonProfiledCodeHeapSize                  = 122916026                              {pd product} {ergonomic}
   size_t OldSize                                  = 70254592                                  {product} {ergonomic}
    uintx ProfiledCodeHeapSize                     = 122916026                              {pd product} {ergonomic}
    uintx ReservedCodeCacheSize                    = 251658240                              {pd product} {ergonomic}
     bool SegmentedCodeCache                       = true                                      {product} {ergonomic}
   size_t SoftMaxHeapSize                          = 536870912                              {manageable} {ergonomic}
     intx ThreadPriorityPolicy                     = 1                                         {product} {jimage}
     bool UseCompressedClassPointers               = true                           {product lp64_product} {ergonomic}
     bool UseCompressedOops                        = true                           {product lp64_product} {ergonomic}
     bool UseParallelGC                            = true                                      {product} {command line}

Logging:
Log output configuration:
 #0: stdout all=warning uptime,level,tags
 #1: stderr all=off uptime,level,tags

Environment Variables:
JAVA_HOME=/nix/store/gpxl5qgg8kicmcvivwmybwjlpf7wh20l-graalvm17-ce-22.3.0
PATH=/nix/store/1d6ian3r8kdzspw8hacjhl3xkp40g1lj-binutils-wrapper-2.39/bin:/nix/store/dq0xwmsk1g0i2ayg6pb7y87na2knzylh-gcc-wrapper-11.3.0/bin:/nix/store/bap4d0lpcrhpwmpb8ayjcgkmvfj62lnq-bash-interactive-5.1-p16/bin:/nix/store/pr5n59mb4jzmfx6kanwxly0l07p861fg-patchelf-0.15.0/bin:/nix/store/1gf2flfqnpqbr1b4p4qz2f72y42bs56r-gcc-11.3.0/bin:/nix/store/57xv61c5zi8pphjbcwxxjlgc34p61ic9-glibc-2.35-163-bin/bin:/nix/store/a7gvj343m05j2s32xcnwr35v31ynlypr-coreutils-9.1/bin:/nix/store/039g378vc3pc3dvi9dzdlrd0i4q93qwf-binutils-2.39/bin:/nix/store/gpxl5qgg8kicmcvivwmybwjlpf7wh20l-graalvm17-ce-22.3.0/bin:/nix/store/6z9ag3ihc8mq2hzsw48lhbznvzny65nz-apache-maven-3.8.6/bin:/nix/store/m6gcpi1ii6rghy04cjwjddcavv7i90df-jdt-language-server-1.9.0/bin:/nix/store/84xs5alhs01zrbr4ywm05kxbjbp5590l-java-debug/bin:/nix/store/mydc6f4k2z73xlcz7ilif3v2lcaiqvza-findutils-4.9.0/bin:/nix/store/j9p3g8472iijd50vhdprx0nmk2fqn5gv-diffutils-3.8/bin:/nix/store/89zs7rms6x00xfq4dq6m7mjnhkr8a6r4-gnused-4.8/bin:/nix/store/86bp03jkmsl6f92w0yzg4s59g5mhxwmy-gnugrep-3.7/bin:/nix/store/hwcdqw4jrjnd37wxqgsd47hd0j8bnj09-gawk-5.1.1/bin:/nix/store/cfbhw8r8ags41vwqaz47r583d0p4h4a1-gnutar-1.34/bin:/nix/store/p3m1ndl1lapwrlh698bnb5lvvxh67378-gzip-1.12/bin:/nix/store/a8mhcagrsly7c7mpjrpsnaahk4aax056-bzip2-1.0.8-bin/bin:/nix/store/mblgz65m3zv9x548a3d5m96fj2pbwr09-gnumake-4.3/bin:/nix/store/dsd5gz46hdbdk2rfdimqddhq6m8m8fqs-bash-5.1-p16/bin:/nix/store/v7ljksji50mg3w61dykaa3n3y79n6nil-patch-2.7.6/bin:/nix/store/zlcnmqq14jz5x9439jf937mvayyl63da-xz-5.2.7-bin/bin:/nix/store/y6aj732zm9m87c82fpvf103a1xb22blp-file-5.43/bin:/nix/store/sgqd0ajghcv2axfl1lad0b1alyavp0dc-prybar-elisp-0.0.0-67f7a00/bin:/nix/store/p3hsvljpgs68jqwar41lc0jqhjj734lf-prybar-lua-0.0.0-67f7a00/bin:/nix/store/qzxs2gybds3s9kb1vkaflpgm2nwr85fh-prybar-python3-0.0.0-67f7a00/bin:/nix/store/km94z9mxp8w4m8gxxp5mbfpdf3nkfvd8-prybar-sqlite-0.0.0-67f7a00/bin:/nix/store/2pnc7b76asw0z59c4l6h6qy8arwqrii1-prybar-tcl-0.0.0-67f7a00/bin:/nix/store/hpbvrlwd5viqmvcaisb3x0118i913a9n-st
LD_LIBRARY_PATH=/nix/store/a4pff549sk2idnkpzk5nsfps3mdkdnvm-cups-2.4.2-lib/lib:/nix/store/72mqxxhh3cy5yifh92wh2yb8cl2hikyy-cairo-1.16.0/lib:/nix/store/2k366jrbsra97gjfxwvrhvixjfxdach5-glib-2.74.1/lib:/nix/store/2j2znigd8ak37rlwh9khz0ry3clqlw1l-gtk+3-3.24.34/lib:/nix/store/hisqvx32cd57apbpcsnkpx6k3549wql1-libglvnd-1.4.0/lib:/nix/store/p36pgcv991mq5srvg765b78yqpxvk3qs-mesa-21.3.3-drivers/lib:/nix/store/mav4251if1ahjq5vkpwycyyvnmy459c4-pulseaudio-14.2/lib
DISPLAY=:0
LANG=en_US.UTF-8

Signal Handlers:
   SIGSEGV: crash_handler in libjvm.so, mask=11100100010111111101111111111110, flags=SA_RESTART|SA_SIGINFO
    SIGBUS: crash_handler in libjvm.so, mask=11100100010111111101111111111110, flags=SA_RESTART|SA_SIGINFO
    SIGFPE: crash_handler in libjvm.so, mask=11100100010111111101111111111110, flags=SA_RESTART|SA_SIGINFO
   SIGPIPE: IsolateEnterStub_IgnoreSIGPIPEStartupHook_noopSignalHandler_8f19bff2f35b5f630d83b364d6b2339320d4ec70_216e8361c6bc87a8f89f58cc10d3b2fd4415bf87 in libjvmcicompiler.so, mask=00000000000000000000000000000000, flags=SA_RESTART
  *** Handler was modified!
  *** Expected: javaSignalHandler in libjvm.so, mask=11100100110111111111111111111110, flags=SA_RESTART|SA_SIGINFO
   SIGXFSZ: javaSignalHandler in libjvm.so, mask=11100100010111111101111111111110, flags=SA_RESTART|SA_SIGINFO
    SIGILL: crash_handler in libjvm.so, mask=11100100010111111101111111111110, flags=SA_RESTART|SA_SIGINFO
   SIGUSR2: SR_handler in libjvm.so, mask=00000000000000000000000000000000, flags=SA_RESTART|SA_SIGINFO
    SIGHUP: UserHandler in libjvm.so, mask=11100100010111111101111111111110, flags=SA_RESTART|SA_SIGINFO
    SIGINT: UserHandler in libjvm.so, mask=11100100010111111101111111111110, flags=SA_RESTART|SA_SIGINFO
   SIGTERM: UserHandler in libjvm.so, mask=11100100010111111101111111111110, flags=SA_RESTART|SA_SIGINFO
   SIGQUIT: UserHandler in libjvm.so, mask=11100100010111111101111111111110, flags=SA_RESTART|SA_SIGINFO
  *** Handler was modified!
  *** Expected: javaSignalHandler in libjvm.so, mask=11100100110111111111111111111110, flags=SA_RESTART|SA_SIGINFO
   SIGTRAP: crash_handler in libjvm.so, mask=11100100010111111101111111111110, flags=SA_RESTART|SA_SIGINFO


---------------  S Y S T E M  ---------------

OS:
DISTRIB_ID=Ubuntu
DISTRIB_RELEASE=20.04
DISTRIB_CODENAME=focal
DISTRIB_DESCRIPTION="Ubuntu 20.04.2 LTS"
uname: Linux 5.15.0-1027-gcp #34~20.04.1-Ubuntu SMP Mon Jan 9 18:40:09 UTC 2023 x86_64
OS uptime: 0 days 0:48 hours
libc: glibc 2.35 NPTL 2.35 
rlimit (soft/hard): STACK 8192k/infinity , CORE infinity/infinity , NPROC infinity/infinity , NOFILE 5242/5242 , AS infinity/infinity , CPU infinity/infinity , DATA infinity/infinity , FSIZE infinity/infinity , MEMLOCK 64k/64k
load average: 8.89 9.53 8.17

/proc/meminfo:
MemTotal:       65852736 kB
MemFree:        42461284 kB
MemAvailable:   53443176 kB
Buffers:          718088 kB
Cached:          9964328 kB
SwapCached:            0 kB
Active:          3609240 kB
Inactive:       17237952 kB
Active(anon):      11828 kB
Inactive(anon):  9931424 kB
Active(file):    3597412 kB
Inactive(file):  7306528 kB
Unevictable:       43980 kB
Mlocked:           43980 kB
SwapTotal:             0 kB
SwapFree:              0 kB
Dirty:              3700 kB
Writeback:             0 kB
AnonPages:       9979976 kB
Mapped:          1428812 kB
Shmem:             25716 kB
KReclaimable:     804552 kB
Slab:            1703492 kB
SReclaimable:     804552 kB
SUnreclaim:       898940 kB
KernelStack:      376516 kB
PageTables:       113260 kB
NFS_Unstable:          0 kB
Bounce:                0 kB
WritebackTmp:          0 kB
CommitLimit:    32926368 kB
Committed_AS:   47414084 kB
VmallocTotal:   34359738367 kB
VmallocUsed:      405308 kB
VmallocChunk:          0 kB
Percpu:            38880 kB
HardwareCorrupted:     0 kB
AnonHugePages:    133120 kB
ShmemHugePages:        0 kB
ShmemPmdMapped:        0 kB
FileHugePages:         0 kB
FilePmdMapped:         0 kB
HugePages_Total:       0
HugePages_Free:        0
HugePages_Rsvd:        0
HugePages_Surp:        0
Hugepagesize:       2048 kB
Hugetlb:               0 kB
DirectMap4k:     1450816 kB
DirectMap2M:    26857472 kB
DirectMap1G:    40894464 kB

/sys/kernel/mm/transparent_hugepage/enabled: always [madvise] never
/sys/kernel/mm/transparent_hugepage/defrag (defrag/compaction efforts parameter): always defer defer+madvise [madvise] never

Process Memory:
Virtual Size: 4722776K (peak: 4757308K)
Resident Set Size: 734864K (peak: 771132K) (anon: 537760K, file: 197104K, shmem: 0K)
Swapped out: 0K
C-Heap outstanding allocations: 41670K, retained: 14677K
glibc malloc tunables: (default)

/proc/sys/kernel/threads-max (system-wide limit on the number of threads): 514406
/proc/sys/vm/max_map_count (maximum number of memory map areas a process may have): 65530
/proc/sys/kernel/pid_max (system-wide limit on number of process identifiers): 4194304

container (cgroup) information:
container_type: cgroupv1
cpu_cpuset_cpus: 2-7
cpu_memory_nodes: 0
active_processor_count: 1
cpu_quota: 50000
cpu_period: 100000
cpu_shares: 512
memory_limit_in_bytes: 1048576 k
memory_and_swap_limit_in_bytes: 1048576 k
memory_soft_limit_in_bytes: 524288 k
memory_usage_in_bytes: 577040 k
memory_max_usage_in_bytes: 631564 k
maximum number of tasks: 1000
current number of tasks: 48

KVM virtualization detected
Steal ticks since vm start: 0
Steal ticks percentage since vm start:  0.000

CPU: total 8 (initial active 1) (8 cores per cpu, 2 threads per core) family 23 model 49 stepping 0 microcode 0xffffffff, cx8, cmov, fxsr, ht, mmx, 3dnowpref, sse, sse2, sse3, ssse3, sse4a, sse4.1, sse4.2, popcnt, lzcnt, tsc, tscinvbit, avx, avx2, aes, clmul, bmi1, bmi2, adx, sha, fma, vzeroupper, clflush, clflushopt, hv
CPU Model and flags from /proc/cpuinfo:
model name	: AMD EPYC 7B12
flags		: fpu vme de pse tsc msr pae mce cx8 apic sep mtrr pge mca cmov pat pse36 clflush mmx fxsr sse sse2 ht syscall nx mmxext fxsr_opt pdpe1gb rdtscp lm constant_tsc rep_good nopl nonstop_tsc cpuid extd_apicid tsc_known_freq pni pclmulqdq ssse3 fma cx16 sse4_1 sse4_2 movbe popcnt aes xsave avx f16c rdrand hypervisor lahf_lm cmp_legacy cr8_legacy abm sse4a misalignsse 3dnowprefetch osvw topoext ssbd ibrs ibpb stibp vmmcall fsgsbase tsc_adjust bmi1 avx2 smep bmi2 rdseed adx smap clflushopt clwb sha_ni xsaveopt xsavec xgetbv1 clzero xsaveerptr arat npt nrip_save umip rdpid

Online cpus: 0-7
Offline cpus: 
BIOS frequency limitation: <Not Available>
Frequency switch latency (ns): <Not Available>
Available cpu frequencies: <Not Available>
Current governor: <Not Available>
Core performance/turbo boost: <Not Available>

Memory: 4k page, physical 1048576k(471524k free), swap 0k(0k free)
Page Sizes: 4k

vm_info: OpenJDK 64-Bit Server VM (17.0.5+8-jvmci-22.3-b08) for linux-amd64 JRE (17.0.5+8-jvmci-22.3-b08), built on Oct 19 2022 09:01:27 by "buildslave" with gcc 10.3.0

END.
